"../../../VC2_Project/Content/Maps/Environment_BuiltData.uasset" 0
"../../../VC2_Project/Content/Maps/GraphicalExample_BuiltData.uasset" 1
"../../../VC2_Project/Content/Maps/Map_BuiltData.uasset" 2
"../../../VC2_Project/Content/Maps/Minimal_Default_BuiltData.uasset" 3
"../../../VC2_Project/Content/Maps/RollABall_Scene_BuiltData.uasset" 4
"../../../VC2_Project/Content/Blueprints/Gamemodes/Menugamemode.uasset" 5
"../../../Engine/Plugins/2D/Paper2D/Content/DefaultSpriteMaterial.uasset" 6
"../../../Engine/Plugins/2D/Paper2D/Content/TranslucentUnlitSpriteMaterial.uasset" 7
"../../../VC2_Project/Content/Textures/Players/Green/alienGreen_stand.uasset" 8
"../../../VC2_Project/Content/Sprite/Player/Green/alienGreen_stand_Sprite.uasset" 9
"../../../VC2_Project/Content/Flipbooks/PlayerGreenFlipbookIdle.uasset" 10
"../../../VC2_Project/Content/Textures/Players/Green/alienGreen_walk1.uasset" 11
"../../../VC2_Project/Content/Sprite/Player/Green/alienGreen_walk1_Sprite.uasset" 12
"../../../VC2_Project/Content/Textures/Players/Green/alienGreen_walk2.uasset" 13
"../../../VC2_Project/Content/Sprite/Player/Green/alienGreen_walk2_Sprite.uasset" 14
"../../../VC2_Project/Content/Flipbooks/PlayerGreenFlipbookWalk.uasset" 15
"../../../VC2_Project/Content/Blueprints/Player/PlayerCharacterBP.uasset" 16
"../../../VC2_Project/Content/Textures/Tiles/boxCoin.uasset" 17
"../../../VC2_Project/Content/Sprite/Tiles/boxCoin_Sprite.uasset" 18
"../../../VC2_Project/Content/Textures/Tiles/boxCrate_single.uasset" 19
"../../../VC2_Project/Content/Sprite/Tiles/boxCrate_single_Sprite.uasset" 20
"../../../VC2_Project/Content/Blueprints/Tiles/CoinTile.uasset" 21
"../../../Engine/Content/EditorBlueprintResources/StandardMacros.uasset" 22
"../../../VC2_Project/Content/Blueprints/Visualize/CubeSpawner.uasset" 23
"../../../VC2_Project/Content/Materials/EnemyBouncy.uasset" 24
"../../../VC2_Project/Content/Materials/MetallicExample.uasset" 25
"../../../VC2_Project/Content/Materials/MetallicExampleInstance.uasset" 26
"../../../VC2_Project/Content/Materials/MetallicExampleInstance1.uasset" 27
"../../../VC2_Project/Content/Materials/M_Basic_Wall_Rough.uasset" 28
"../../../VC2_Project/Content/Materials/Teapot.uasset" 29
"../../../VC2_Project/Content/StarterContent/Materials/M_AssetPlatform.uasset" 30
"../../../VC2_Project/Content/Models/defaultMat.uasset" 31
"../../../VC2_Project/Content/Models/Button_stand.uasset" 32
"../../../VC2_Project/Content/Particles/NewMaterial.uasset" 33
"../../../Engine/Content/EngineMaterials/OrientParticle.uasset" 34
"../../../Engine/Content/EngineMaterials/DefaultParticle.uasset" 35
"../../../VC2_Project/Content/Particles/OwnParticle.uasset" 36
"../../../VC2_Project/Content/Textures/P-Character.uasset" 37
"../../../VC2_Project/Content/Sprite/P-Character_Sprite.uasset" 38
"../../../VC2_Project/Content/Textures/Enemies/barnacle_attack.uasset" 39
"../../../VC2_Project/Content/Sprite/Enemies/barnacle_attack_Sprite.uasset" 40
"../../../VC2_Project/Content/Textures/Enemies/barnacle_dead.uasset" 41
"../../../VC2_Project/Content/Sprite/Enemies/barnacle_dead_Sprite.uasset" 42
"../../../VC2_Project/Content/Textures/Enemies/barnacle.uasset" 43
"../../../VC2_Project/Content/Sprite/Enemies/barnacle_Sprite.uasset" 44
"../../../VC2_Project/Content/Textures/Enemies/bee_dead.uasset" 45
"../../../VC2_Project/Content/Sprite/Enemies/bee_dead_Sprite.uasset" 46
"../../../VC2_Project/Content/Textures/Enemies/bee_move.uasset" 47
"../../../VC2_Project/Content/Sprite/Enemies/bee_move_Sprite.uasset" 48
"../../../VC2_Project/Content/Textures/Enemies/bee.uasset" 49
"../../../VC2_Project/Content/Sprite/Enemies/bee_Sprite.uasset" 50
"../../../VC2_Project/Content/Textures/Enemies/fishBlue_dead.uasset" 51
"../../../VC2_Project/Content/Sprite/Enemies/fishBlue_dead_Sprite.uasset" 52
"../../../VC2_Project/Content/Textures/Enemies/fishBlue_fall.uasset" 53
"../../../VC2_Project/Content/Sprite/Enemies/fishBlue_fall_Sprite.uasset" 54
"../../../VC2_Project/Content/Textures/Enemies/fishBlue.uasset" 55
"../../../VC2_Project/Content/Sprite/Enemies/fishBlue_Sprite.uasset" 56
"../../../VC2_Project/Content/Textures/Enemies/fishGreen_dead.uasset" 57
"../../../VC2_Project/Content/Sprite/Enemies/fishGreen_dead_Sprite.uasset" 58
"../../../VC2_Project/Content/Textures/Enemies/fishGreen_move.uasset" 59
"../../../VC2_Project/Content/Sprite/Enemies/fishGreen_move_Sprite.uasset" 60
"../../../VC2_Project/Content/Textures/Enemies/fishGreen.uasset" 61
"../../../VC2_Project/Content/Sprite/Enemies/fishGreen_Sprite.uasset" 62
"../../../VC2_Project/Content/Textures/Enemies/fishPink_dead.uasset" 63
"../../../VC2_Project/Content/Sprite/Enemies/fishPink_dead_Sprite.uasset" 64
"../../../VC2_Project/Content/Textures/Enemies/fishPink_move.uasset" 65
"../../../VC2_Project/Content/Sprite/Enemies/fishPink_move_Sprite.uasset" 66
"../../../VC2_Project/Content/Textures/Enemies/fishPink.uasset" 67
"../../../VC2_Project/Content/Sprite/Enemies/fishPink_Sprite.uasset" 68
"../../../VC2_Project/Content/Textures/Enemies/fly_dead.uasset" 69
"../../../VC2_Project/Content/Sprite/Enemies/fly_dead_Sprite.uasset" 70
"../../../VC2_Project/Content/Textures/Enemies/fly_move.uasset" 71
"../../../VC2_Project/Content/Sprite/Enemies/fly_move_Sprite.uasset" 72
"../../../VC2_Project/Content/Textures/Enemies/fly.uasset" 73
"../../../VC2_Project/Content/Sprite/Enemies/fly_Sprite.uasset" 74
"../../../VC2_Project/Content/Textures/Enemies/frog_dead.uasset" 75
"../../../VC2_Project/Content/Sprite/Enemies/frog_dead_Sprite.uasset" 76
"../../../VC2_Project/Content/Textures/Enemies/frog_move.uasset" 77
"../../../VC2_Project/Content/Sprite/Enemies/frog_move_Sprite.uasset" 78
"../../../VC2_Project/Content/Textures/Enemies/frog.uasset" 79
"../../../VC2_Project/Content/Sprite/Enemies/frog_Sprite.uasset" 80
"../../../VC2_Project/Content/Textures/Enemies/ladybug_fly.uasset" 81
"../../../VC2_Project/Content/Sprite/Enemies/ladybug_fly_Sprite.uasset" 82
"../../../VC2_Project/Content/Textures/Enemies/ladybug_move.uasset" 83
"../../../VC2_Project/Content/Sprite/Enemies/ladybug_move_Sprite.uasset" 84
"../../../VC2_Project/Content/Textures/Enemies/ladybug.uasset" 85
"../../../VC2_Project/Content/Sprite/Enemies/ladybug_Sprite.uasset" 86
"../../../VC2_Project/Content/Textures/Enemies/mouse_dead.uasset" 87
"../../../VC2_Project/Content/Sprite/Enemies/mouse_dead_Sprite.uasset" 88
"../../../VC2_Project/Content/Textures/Enemies/mouse_move.uasset" 89
"../../../VC2_Project/Content/Sprite/Enemies/mouse_move_Sprite.uasset" 90
"../../../VC2_Project/Content/Textures/Enemies/mouse.uasset" 91
"../../../VC2_Project/Content/Sprite/Enemies/mouse_Sprite.uasset" 92
"../../../VC2_Project/Content/Textures/Enemies/sawHalf_dead.uasset" 93
"../../../VC2_Project/Content/Sprite/Enemies/sawHalf_dead_Sprite.uasset" 94
"../../../VC2_Project/Content/Textures/Enemies/sawHalf_move.uasset" 95
"../../../VC2_Project/Content/Sprite/Enemies/sawHalf_move_Sprite.uasset" 96
"../../../VC2_Project/Content/Textures/Enemies/sawHalf.uasset" 97
"../../../VC2_Project/Content/Sprite/Enemies/sawHalf_Sprite.uasset" 98
"../../../VC2_Project/Content/Textures/Enemies/saw_dead.uasset" 99
"../../../VC2_Project/Content/Sprite/Enemies/saw_dead_Sprite.uasset" 100
"../../../VC2_Project/Content/Textures/Enemies/saw_move.uasset" 101
"../../../VC2_Project/Content/Sprite/Enemies/saw_move_Sprite.uasset" 102
"../../../VC2_Project/Content/Textures/Enemies/saw.uasset" 103
"../../../VC2_Project/Content/Sprite/Enemies/saw_Sprite.uasset" 104
"../../../VC2_Project/Content/Textures/Enemies/slimeBlock_dead.uasset" 105
"../../../VC2_Project/Content/Sprite/Enemies/slimeBlock_dead_Sprite.uasset" 106
"../../../VC2_Project/Content/Textures/Enemies/slimeBlock_move.uasset" 107
"../../../VC2_Project/Content/Sprite/Enemies/slimeBlock_move_Sprite.uasset" 108
"../../../VC2_Project/Content/Textures/Enemies/slimeBlock.uasset" 109
"../../../VC2_Project/Content/Sprite/Enemies/slimeBlock_Sprite.uasset" 110
"../../../VC2_Project/Content/Textures/Enemies/slimeBlue_dead.uasset" 111
"../../../VC2_Project/Content/Sprite/Enemies/slimeBlue_dead_Sprite.uasset" 112
"../../../VC2_Project/Content/Textures/Enemies/slimeBlue_hit.uasset" 113
"../../../VC2_Project/Content/Sprite/Enemies/slimeBlue_hit_Sprite.uasset" 114
"../../../VC2_Project/Content/Textures/Enemies/slimeBlue_move.uasset" 115
"../../../VC2_Project/Content/Sprite/Enemies/slimeBlue_move_Sprite.uasset" 116
"../../../VC2_Project/Content/Textures/Enemies/slimeBlue.uasset" 117
"../../../VC2_Project/Content/Sprite/Enemies/slimeBlue_Sprite.uasset" 118
"../../../VC2_Project/Content/Textures/Enemies/slimeGreen_dead.uasset" 119
"../../../VC2_Project/Content/Sprite/Enemies/slimeGreen_dead_Sprite.uasset" 120
"../../../VC2_Project/Content/Textures/Enemies/slimeGreen_hit.uasset" 121
"../../../VC2_Project/Content/Sprite/Enemies/slimeGreen_hit_Sprite.uasset" 122
"../../../VC2_Project/Content/Textures/Enemies/slimeGreen_move.uasset" 123
"../../../VC2_Project/Content/Sprite/Enemies/slimeGreen_move_Sprite.uasset" 124
"../../../VC2_Project/Content/Textures/Enemies/slimeGreen.uasset" 125
"../../../VC2_Project/Content/Sprite/Enemies/slimeGreen_Sprite.uasset" 126
"../../../VC2_Project/Content/Textures/Enemies/slimePurple_dead.uasset" 127
"../../../VC2_Project/Content/Sprite/Enemies/slimePurple_dead_Sprite.uasset" 128
"../../../VC2_Project/Content/Textures/Enemies/slimePurple_hit.uasset" 129
"../../../VC2_Project/Content/Sprite/Enemies/slimePurple_hit_Sprite.uasset" 130
"../../../VC2_Project/Content/Textures/Enemies/slimePurple_move.uasset" 131
"../../../VC2_Project/Content/Sprite/Enemies/slimePurple_move_Sprite.uasset" 132
"../../../VC2_Project/Content/Textures/Enemies/slimePurple.uasset" 133
"../../../VC2_Project/Content/Sprite/Enemies/slimePurple_Sprite.uasset" 134
"../../../VC2_Project/Content/Textures/Enemies/snail_move.uasset" 135
"../../../VC2_Project/Content/Sprite/Enemies/snail_move_Sprite.uasset" 136
"../../../VC2_Project/Content/Textures/Enemies/snail_shell.uasset" 137
"../../../VC2_Project/Content/Sprite/Enemies/snail_shell_Sprite.uasset" 138
"../../../VC2_Project/Content/Textures/Enemies/snail.uasset" 139
"../../../VC2_Project/Content/Sprite/Enemies/snail_Sprite.uasset" 140
"../../../VC2_Project/Content/Textures/Enemies/wormGreen_dead.uasset" 141
"../../../VC2_Project/Content/Sprite/Enemies/wormGreen_dead_Sprite.uasset" 142
"../../../VC2_Project/Content/Textures/Enemies/wormGreen_move.uasset" 143
"../../../VC2_Project/Content/Sprite/Enemies/wormGreen_move_Sprite.uasset" 144
"../../../VC2_Project/Content/Textures/Enemies/wormGreen.uasset" 145
"../../../VC2_Project/Content/Sprite/Enemies/wormGreen_Sprite.uasset" 146
"../../../VC2_Project/Content/Textures/Enemies/wormPink_dead.uasset" 147
"../../../VC2_Project/Content/Sprite/Enemies/wormPink_dead_Sprite.uasset" 148
"../../../VC2_Project/Content/Textures/Enemies/wormPink_move.uasset" 149
"../../../VC2_Project/Content/Sprite/Enemies/wormPink_move_Sprite.uasset" 150
"../../../VC2_Project/Content/Textures/Enemies/wormPink.uasset" 151
"../../../VC2_Project/Content/Sprite/Enemies/wormPink_Sprite.uasset" 152
"../../../VC2_Project/Content/Textures/Ground/Grass/grassCenter_round.uasset" 153
"../../../VC2_Project/Content/Sprite/Ground/grassCenter_round_Sprite.uasset" 154
"../../../VC2_Project/Content/Textures/Ground/Grass/grassCenter.uasset" 155
"../../../VC2_Project/Content/Sprite/Ground/grassCenter_Sprite.uasset" 156
"../../../VC2_Project/Content/Textures/Ground/Grass/grassCliffAlt_left.uasset" 157
"../../../VC2_Project/Content/Sprite/Ground/grassCliffAlt_left_Sprite.uasset" 158
"../../../VC2_Project/Content/Textures/Ground/Grass/grassCliffAlt_right.uasset" 159
"../../../VC2_Project/Content/Sprite/Ground/grassCliffAlt_right_Sprite.uasset" 160
"../../../VC2_Project/Content/Textures/Ground/Grass/grassCliff_left.uasset" 161
"../../../VC2_Project/Content/Sprite/Ground/grassCliff_left_Sprite.uasset" 162
"../../../VC2_Project/Content/Textures/Ground/Grass/grassCliff_right.uasset" 163
"../../../VC2_Project/Content/Sprite/Ground/grassCliff_right_Sprite.uasset" 164
"../../../VC2_Project/Content/Textures/Ground/Grass/grassCorner_left.uasset" 165
"../../../VC2_Project/Content/Sprite/Ground/grassCorner_left_Sprite.uasset" 166
"../../../VC2_Project/Content/Textures/Ground/Grass/grassCorner_right.uasset" 167
"../../../VC2_Project/Content/Sprite/Ground/grassCorner_right_Sprite.uasset" 168
"../../../VC2_Project/Content/Textures/Ground/Grass/grassHalf_left.uasset" 169
"../../../VC2_Project/Content/Sprite/Ground/grassHalf_left_Sprite.uasset" 170
"../../../VC2_Project/Content/Textures/Ground/Grass/grassHalf_right.uasset" 171
"../../../VC2_Project/Content/Sprite/Ground/grassHalf_right_Sprite.uasset" 172
"../../../VC2_Project/Content/Textures/Ground/Grass/grassHalf.uasset" 173
"../../../VC2_Project/Content/Sprite/Ground/grassHalf_Sprite.uasset" 174
"../../../VC2_Project/Content/Textures/Ground/Grass/grassHill_left.uasset" 175
"../../../VC2_Project/Content/Sprite/Ground/grassHill_left_Sprite.uasset" 176
"../../../VC2_Project/Content/Textures/Ground/Grass/grassHill_right.uasset" 177
"../../../VC2_Project/Content/Sprite/Ground/grassHill_right_Sprite.uasset" 178
"../../../VC2_Project/Content/Textures/Items/coinBronze.uasset" 179
"../../../VC2_Project/Content/Sprite/Items/coinBronze_Sprite.uasset" 180
"../../../VC2_Project/Content/Textures/Items/coinGold.uasset" 181
"../../../VC2_Project/Content/Sprite/Items/coinGold_Sprite.uasset" 182
"../../../VC2_Project/Content/Textures/Items/coinSilver.uasset" 183
"../../../VC2_Project/Content/Sprite/Items/coinSilver_Sprite.uasset" 184
"../../../VC2_Project/Content/Textures/Items/flagBlue1.uasset" 185
"../../../VC2_Project/Content/Sprite/Items/flagBlue1_Sprite.uasset" 186
"../../../VC2_Project/Content/Textures/Items/flagBlue2.uasset" 187
"../../../VC2_Project/Content/Sprite/Items/flagBlue2_Sprite.uasset" 188
"../../../VC2_Project/Content/Textures/Items/flagBlue_down.uasset" 189
"../../../VC2_Project/Content/Sprite/Items/flagBlue_down_Sprite.uasset" 190
"../../../VC2_Project/Content/Textures/Items/flagGreen1.uasset" 191
"../../../VC2_Project/Content/Sprite/Items/flagGreen1_Sprite.uasset" 192
"../../../VC2_Project/Content/Textures/Items/flagGreen2.uasset" 193
"../../../VC2_Project/Content/Sprite/Items/flagGreen2_Sprite.uasset" 194
"../../../VC2_Project/Content/Textures/Items/flagGreen_down.uasset" 195
"../../../VC2_Project/Content/Sprite/Items/flagGreen_down_Sprite.uasset" 196
"../../../VC2_Project/Content/Textures/Items/flagRed1.uasset" 197
"../../../VC2_Project/Content/Sprite/Items/flagRed1_Sprite.uasset" 198
"../../../VC2_Project/Content/Textures/Items/flagRed2.uasset" 199
"../../../VC2_Project/Content/Sprite/Items/flagRed2_Sprite.uasset" 200
"../../../VC2_Project/Content/Textures/Items/flagRed_down.uasset" 201
"../../../VC2_Project/Content/Sprite/Items/flagRed_down_Sprite.uasset" 202
"../../../VC2_Project/Content/Textures/Items/flagYellow1.uasset" 203
"../../../VC2_Project/Content/Sprite/Items/flagYellow1_Sprite.uasset" 204
"../../../VC2_Project/Content/Textures/Items/flagYellow2.uasset" 205
"../../../VC2_Project/Content/Sprite/Items/flagYellow2_Sprite.uasset" 206
"../../../VC2_Project/Content/Textures/Items/flagYellow_down.uasset" 207
"../../../VC2_Project/Content/Sprite/Items/flagYellow_down_Sprite.uasset" 208
"../../../VC2_Project/Content/Textures/Items/gemBlue.uasset" 209
"../../../VC2_Project/Content/Sprite/Items/gemBlue_Sprite.uasset" 210
"../../../VC2_Project/Content/Textures/Items/gemGreen.uasset" 211
"../../../VC2_Project/Content/Sprite/Items/gemGreen_Sprite.uasset" 212
"../../../VC2_Project/Content/Textures/Items/gemRed.uasset" 213
"../../../VC2_Project/Content/Sprite/Items/gemRed_Sprite.uasset" 214
"../../../VC2_Project/Content/Textures/Items/gemYellow.uasset" 215
"../../../VC2_Project/Content/Sprite/Items/gemYellow_Sprite.uasset" 216
"../../../VC2_Project/Content/Textures/Items/keyGreen.uasset" 217
"../../../VC2_Project/Content/Sprite/Items/keyGreen_Sprite.uasset" 218
"../../../VC2_Project/Content/Textures/Items/keyRed.uasset" 219
"../../../VC2_Project/Content/Sprite/Items/keyRed_Sprite.uasset" 220
"../../../VC2_Project/Content/Textures/Items/keyYellow.uasset" 221
"../../../VC2_Project/Content/Sprite/Items/keyYellow_Sprite.uasset" 222
"../../../VC2_Project/Content/Textures/Items/star.uasset" 223
"../../../VC2_Project/Content/Sprite/Items/star_Sprite.uasset" 224
"../../../VC2_Project/Content/Textures/Players/Green/alienGreen_climb1.uasset" 225
"../../../VC2_Project/Content/Sprite/Player/Green/alienGreen_climb1_Sprite.uasset" 226
"../../../VC2_Project/Content/Textures/Players/Green/alienGreen_climb2.uasset" 227
"../../../VC2_Project/Content/Sprite/Player/Green/alienGreen_climb2_Sprite.uasset" 228
"../../../VC2_Project/Content/Textures/Players/Green/alienGreen_duck.uasset" 229
"../../../VC2_Project/Content/Sprite/Player/Green/alienGreen_duck_Sprite.uasset" 230
"../../../VC2_Project/Content/Textures/Players/Green/alienGreen_front.uasset" 231
"../../../VC2_Project/Content/Sprite/Player/Green/alienGreen_front_Sprite.uasset" 232
"../../../VC2_Project/Content/Textures/Players/Green/alienGreen_hit.uasset" 233
"../../../VC2_Project/Content/Sprite/Player/Green/alienGreen_hit_Sprite.uasset" 234
"../../../VC2_Project/Content/Textures/Players/Green/alienGreen_jump.uasset" 235
"../../../VC2_Project/Content/Sprite/Player/Green/alienGreen_jump_Sprite.uasset" 236
"../../../VC2_Project/Content/Textures/Players/Green/alienGreen_swim1.uasset" 237
"../../../VC2_Project/Content/Sprite/Player/Green/alienGreen_swim1_Sprite.uasset" 238
"../../../VC2_Project/Content/Textures/Players/Green/alienGreen_swim2.uasset" 239
"../../../VC2_Project/Content/Sprite/Player/Green/alienGreen_swim2_Sprite.uasset" 240
"../../../VC2_Project/Content/Textures/Tiles/bombWhite.uasset" 241
"../../../VC2_Project/Content/Sprite/Tiles/bombWhite_Sprite.uasset" 242
"../../../VC2_Project/Content/Textures/Tiles/bomb.uasset" 243
"../../../VC2_Project/Content/Sprite/Tiles/bomb_Sprite.uasset" 244
"../../../VC2_Project/Content/Textures/Tiles/boxCoin_boxed.uasset" 245
"../../../VC2_Project/Content/Sprite/Tiles/boxCoin_boxed_Sprite.uasset" 246
"../../../VC2_Project/Content/Textures/Tiles/boxCoin_disabled_boxed.uasset" 247
"../../../VC2_Project/Content/Sprite/Tiles/boxCoin_disabled_boxed_Sprite.uasset" 248
"../../../VC2_Project/Content/Textures/Tiles/boxCoin_disabled.uasset" 249
"../../../VC2_Project/Content/Sprite/Tiles/boxCoin_disabled_Sprite.uasset" 250
"../../../VC2_Project/Content/Textures/Tiles/boxCrate_double.uasset" 251
"../../../VC2_Project/Content/Sprite/Tiles/boxCrate_double_Sprite.uasset" 252
"../../../VC2_Project/Content/Textures/Tiles/boxCrate.uasset" 253
"../../../VC2_Project/Content/Sprite/Tiles/boxCrate_Sprite.uasset" 254
"../../../VC2_Project/Content/Textures/Tiles/boxCrate_warning.uasset" 255
"../../../VC2_Project/Content/Sprite/Tiles/boxCrate_warning_Sprite.uasset" 256
"../../../VC2_Project/Content/Textures/Tiles/boxExplosive_disabled.uasset" 257
"../../../VC2_Project/Content/Sprite/Tiles/boxExplosive_disabled_Sprite.uasset" 258
"../../../VC2_Project/Content/Textures/Tiles/boxExplosive.uasset" 259
"../../../VC2_Project/Content/Sprite/Tiles/boxExplosive_Sprite.uasset" 260
"../../../VC2_Project/Content/Textures/Tiles/boxExplosive_used.uasset" 261
"../../../VC2_Project/Content/Sprite/Tiles/boxExplosive_used_Sprite.uasset" 262
"../../../VC2_Project/Content/Textures/Tiles/boxItem_boxed.uasset" 263
"../../../VC2_Project/Content/Sprite/Tiles/boxItem_boxed_Sprite.uasset" 264
"../../../VC2_Project/Content/Textures/Tiles/boxItem_disabled_boxed.uasset" 265
"../../../VC2_Project/Content/Sprite/Tiles/boxItem_disabled_boxed_Sprite.uasset" 266
"../../../VC2_Project/Content/Textures/Tiles/boxItem_disabled.uasset" 267
"../../../VC2_Project/Content/Sprite/Tiles/boxItem_disabled_Sprite.uasset" 268
"../../../VC2_Project/Content/Textures/Tiles/boxItem.uasset" 269
"../../../VC2_Project/Content/Sprite/Tiles/boxItem_Sprite.uasset" 270
"../../../VC2_Project/Content/Textures/Tiles/brickBrown.uasset" 271
"../../../VC2_Project/Content/Sprite/Tiles/brickBrown_Sprite.uasset" 272
"../../../VC2_Project/Content/Textures/Tiles/brickGrey.uasset" 273
"../../../VC2_Project/Content/Sprite/Tiles/brickGrey_Sprite.uasset" 274
"../../../VC2_Project/Content/Textures/Tiles/bridgeA.uasset" 275
"../../../VC2_Project/Content/Sprite/Tiles/bridgeA_Sprite.uasset" 276
"../../../VC2_Project/Content/Textures/Tiles/bridgeB.uasset" 277
"../../../VC2_Project/Content/Sprite/Tiles/bridgeB_Sprite.uasset" 278
"../../../VC2_Project/Content/Textures/Tiles/bush.uasset" 279
"../../../VC2_Project/Content/Sprite/Tiles/bush_Sprite.uasset" 280
"../../../VC2_Project/Content/Textures/Tiles/cactus.uasset" 281
"../../../VC2_Project/Content/Sprite/Tiles/cactus_Sprite.uasset" 282
"../../../VC2_Project/Content/Textures/Tiles/chain.uasset" 283
"../../../VC2_Project/Content/Sprite/Tiles/chain_Sprite.uasset" 284
"../../../VC2_Project/Content/Textures/Tiles/fenceBroken.uasset" 285
"../../../VC2_Project/Content/Sprite/Tiles/fenceBroken_Sprite.uasset" 286
"../../../VC2_Project/Content/Textures/Tiles/fence.uasset" 287
"../../../VC2_Project/Content/Sprite/Tiles/fence_Sprite.uasset" 288
"../../../VC2_Project/Content/Textures/Tiles/grass.uasset" 289
"../../../VC2_Project/Content/Sprite/Tiles/grass_Sprite.uasset" 290
"../../../VC2_Project/Content/Textures/Tiles/ladderMid.uasset" 291
"../../../VC2_Project/Content/Sprite/Tiles/ladderMid_Sprite.uasset" 292
"../../../VC2_Project/Content/Textures/Tiles/ladderTop.uasset" 293
"../../../VC2_Project/Content/Sprite/Tiles/ladderTop_Sprite.uasset" 294
"../../../VC2_Project/Content/Textures/Tiles/lavaTop_high.uasset" 295
"../../../VC2_Project/Content/Sprite/Tiles/lavaTop_high_Sprite.uasset" 296
"../../../VC2_Project/Content/Textures/Tiles/lavaTop_low.uasset" 297
"../../../VC2_Project/Content/Sprite/Tiles/lavaTop_low_Sprite.uasset" 298
"../../../VC2_Project/Content/Textures/Tiles/lava.uasset" 299
"../../../VC2_Project/Content/Sprite/Tiles/lava_Sprite.uasset" 300
"../../../VC2_Project/Content/Textures/Tiles/leverLeft.uasset" 301
"../../../VC2_Project/Content/Sprite/Tiles/leverLeft_Sprite.uasset" 302
"../../../VC2_Project/Content/Textures/Tiles/leverMid.uasset" 303
"../../../VC2_Project/Content/Sprite/Tiles/leverMid_Sprite.uasset" 304
"../../../VC2_Project/Content/Textures/Tiles/leverRight.uasset" 305
"../../../VC2_Project/Content/Sprite/Tiles/leverRight_Sprite.uasset" 306
"../../../VC2_Project/Content/Textures/Tiles/lockBlue.uasset" 307
"../../../VC2_Project/Content/Sprite/Tiles/lockBlue_Sprite.uasset" 308
"../../../VC2_Project/Content/Textures/Tiles/lockGreen.uasset" 309
"../../../VC2_Project/Content/Sprite/Tiles/lockGreen_Sprite.uasset" 310
"../../../VC2_Project/Content/Textures/Tiles/lockRed.uasset" 311
"../../../VC2_Project/Content/Sprite/Tiles/lockRed_Sprite.uasset" 312
"../../../VC2_Project/Content/Textures/Tiles/lockYellow.uasset" 313
"../../../VC2_Project/Content/Sprite/Tiles/lockYellow_Sprite.uasset" 314
"../../../VC2_Project/Content/Textures/Tiles/mushroomBrown.uasset" 315
"../../../VC2_Project/Content/Sprite/Tiles/mushroomBrown_Sprite.uasset" 316
"../../../VC2_Project/Content/Textures/Tiles/mushroomRed.uasset" 317
"../../../VC2_Project/Content/Sprite/Tiles/mushroomRed_Sprite.uasset" 318
"../../../VC2_Project/Content/Textures/Tiles/plantPurple.uasset" 319
"../../../VC2_Project/Content/Sprite/Tiles/plantPurple_Sprite.uasset" 320
"../../../VC2_Project/Content/Textures/Tiles/rock.uasset" 321
"../../../VC2_Project/Content/Sprite/Tiles/rock_Sprite.uasset" 322
"../../../VC2_Project/Content/Textures/Tiles/signExit.uasset" 323
"../../../VC2_Project/Content/Sprite/Tiles/signExit_Sprite.uasset" 324
"../../../VC2_Project/Content/Textures/Tiles/signLeft.uasset" 325
"../../../VC2_Project/Content/Sprite/Tiles/signLeft_Sprite.uasset" 326
"../../../VC2_Project/Content/Textures/Tiles/signRight.uasset" 327
"../../../VC2_Project/Content/Sprite/Tiles/signRight_Sprite.uasset" 328
"../../../VC2_Project/Content/Textures/Tiles/sign.uasset" 329
"../../../VC2_Project/Content/Sprite/Tiles/sign_Sprite.uasset" 330
"../../../VC2_Project/Content/Textures/Tiles/snow.uasset" 331
"../../../VC2_Project/Content/Sprite/Tiles/snow_Sprite.uasset" 332
"../../../VC2_Project/Content/Textures/Tiles/spikes.uasset" 333
"../../../VC2_Project/Content/Sprite/Tiles/spikes_Sprite.uasset" 334
"../../../VC2_Project/Content/Textures/Tiles/spring.uasset" 335
"../../../VC2_Project/Content/Sprite/Tiles/spring_Sprite.uasset" 336
"../../../VC2_Project/Content/Textures/Tiles/sprung.uasset" 337
"../../../VC2_Project/Content/Sprite/Tiles/sprung_Sprite.uasset" 338
"../../../VC2_Project/Content/Textures/Tiles/switchBlue_pressed.uasset" 339
"../../../VC2_Project/Content/Sprite/Tiles/switchBlue_pressed_Sprite.uasset" 340
"../../../VC2_Project/Content/Textures/Tiles/switchBlue.uasset" 341
"../../../VC2_Project/Content/Sprite/Tiles/switchBlue_Sprite.uasset" 342
"../../../VC2_Project/Content/Textures/Tiles/switchGreen_pressed.uasset" 343
"../../../VC2_Project/Content/Sprite/Tiles/switchGreen_pressed_Sprite.uasset" 344
"../../../VC2_Project/Content/Textures/Tiles/switchGreen.uasset" 345
"../../../VC2_Project/Content/Sprite/Tiles/switchGreen_Sprite.uasset" 346
"../../../VC2_Project/Content/Textures/Tiles/switchRed_pressed.uasset" 347
"../../../VC2_Project/Content/Sprite/Tiles/switchRed_pressed_Sprite.uasset" 348
"../../../VC2_Project/Content/Textures/Tiles/switchRed.uasset" 349
"../../../VC2_Project/Content/Sprite/Tiles/switchRed_Sprite.uasset" 350
"../../../VC2_Project/Content/Textures/Tiles/switchYellow_pressed.uasset" 351
"../../../VC2_Project/Content/Sprite/Tiles/switchYellow_pressed_Sprite.uasset" 352
"../../../VC2_Project/Content/Textures/Tiles/switchYellow.uasset" 353
"../../../VC2_Project/Content/Sprite/Tiles/switchYellow_Sprite.uasset" 354
"../../../VC2_Project/Content/Textures/Tiles/torch1.uasset" 355
"../../../VC2_Project/Content/Sprite/Tiles/torch1_Sprite.uasset" 356
"../../../VC2_Project/Content/Textures/Tiles/torch2.uasset" 357
"../../../VC2_Project/Content/Sprite/Tiles/torch2_Sprite.uasset" 358
"../../../VC2_Project/Content/Textures/Tiles/torchOff.uasset" 359
"../../../VC2_Project/Content/Sprite/Tiles/torchOff_Sprite.uasset" 360
"../../../VC2_Project/Content/Textures/Tiles/waterTop_high.uasset" 361
"../../../VC2_Project/Content/Sprite/Tiles/waterTop_high_Sprite.uasset" 362
"../../../VC2_Project/Content/Textures/Tiles/waterTop_low.uasset" 363
"../../../VC2_Project/Content/Sprite/Tiles/waterTop_low_Sprite.uasset" 364
"../../../VC2_Project/Content/Textures/Tiles/water.uasset" 365
"../../../VC2_Project/Content/Sprite/Tiles/water_Sprite.uasset" 366
"../../../VC2_Project/Content/Textures/Tiles/weightAttached.uasset" 367
"../../../VC2_Project/Content/Sprite/Tiles/weightAttached_Sprite.uasset" 368
"../../../VC2_Project/Content/Textures/Tiles/weight.uasset" 369
"../../../VC2_Project/Content/Sprite/Tiles/weight_Sprite.uasset" 370
"../../../VC2_Project/Content/Textures/Tiles/window.uasset" 371
"../../../VC2_Project/Content/Sprite/Tiles/window_Sprite.uasset" 372
"../../../VC2_Project/Content/StarterContent/Materials/M_Basic_Wall.uasset" 373
"../../../VC2_Project/Content/StarterContent/Architecture/Pillar_50x500.uasset" 374
"../../../VC2_Project/Content/StarterContent/Architecture/Wall_400x300.uasset" 375
"../../../VC2_Project/Content/StarterContent/Architecture/Wall_400x400.uasset" 376
"../../../VC2_Project/Content/StarterContent/Architecture/Wall_500x500.uasset" 377
"../../../VC2_Project/Content/StarterContent/Architecture/Wall_Door_400x400.uasset" 378
"../../../VC2_Project/Content/StarterContent/Architecture/Wall_Window_400x400.uasset" 379
"../../../VC2_Project/Content/StarterContent/Audio/Light01_Cue.uasset" 380
"../../../VC2_Project/Content/StarterContent/Audio/Light02_Cue.uasset" 381
"../../../VC2_Project/Content/StarterContent/Audio/Explosion_Cue.uasset" 382
"../../../VC2_Project/Content/StarterContent/Textures/T_Burst_M.uasset" 383
"../../../VC2_Project/Content/StarterContent/Particles/Materials/M_Burst.uasset" 384
"../../../VC2_Project/Content/StarterContent/Textures/T_Explosion_SubUV.uasset" 385
"../../../VC2_Project/Content/StarterContent/Particles/Materials/M_explosion_subUV.uasset" 386
"../../../VC2_Project/Content/StarterContent/Particles/Materials/m_flare_01.uasset" 387
"../../../Engine/Content/Functions/Engine_MaterialFunctions01/Gradient/RadialGradient.uasset" 388
"../../../VC2_Project/Content/StarterContent/Particles/Materials/M_radial_ramp.uasset" 389
"../../../VC2_Project/Content/StarterContent/Textures/T_Smoke_SubUV.uasset" 390
"../../../VC2_Project/Content/StarterContent/Textures/T_Smoke_Tiled_D.uasset" 391
"../../../VC2_Project/Content/StarterContent/Particles/Materials/M_smoke_subUV.uasset" 392
"../../../VC2_Project/Content/StarterContent/Particles/P_Explosion.uasset" 393
"../../../VC2_Project/Content/StarterContent/Blueprints/Blueprint_Effect_Explosion.uasset" 394
"../../../Engine/Content/EditorMeshes/ColorCalibrator/T_ColorGrid.uasset" 395
"../../../VC2_Project/Content/StarterContent/Materials/M_ColorGrid_LowSpec.uasset" 396
"../../../VC2_Project/Content/StarterContent/Textures/T_Bush_D.uasset" 397
"../../../VC2_Project/Content/StarterContent/Textures/T_Bush_N.uasset" 398
"../../../VC2_Project/Content/StarterContent/Props/Materials/M_Bush.uasset" 399
"../../../VC2_Project/Content/StarterContent/Props/SM_Bush.uasset" 400
"../../../VC2_Project/Content/StarterContent/Textures/T_Chair_M.uasset" 401
"../../../VC2_Project/Content/StarterContent/Textures/T_Chair_N.uasset" 402
"../../../VC2_Project/Content/StarterContent/Props/Materials/M_Chair.uasset" 403
"../../../VC2_Project/Content/StarterContent/Props/SM_Couch.uasset" 404
"../../../VC2_Project/Content/StarterContent/Materials/M_Glass.uasset" 405
"../../../VC2_Project/Content/StarterContent/Textures/T_Door_M.uasset" 406
"../../../VC2_Project/Content/StarterContent/Textures/T_Door_N.uasset" 407
"../../../VC2_Project/Content/StarterContent/Props/Materials/M_Door.uasset" 408
"../../../VC2_Project/Content/StarterContent/Props/SM_Door.uasset" 409
"../../../Engine/Content/Functions/Engine_MaterialFunctions02/Utility/BlendAngleCorrectedNormals.uasset" 410
"../../../VC2_Project/Content/StarterContent/Textures/T_Detail_Rocky_N.uasset" 411
"../../../VC2_Project/Content/StarterContent/Textures/T_Rock_Basalt_D.uasset" 412
"../../../VC2_Project/Content/StarterContent/Textures/T_RockMesh_M.uasset" 413
"../../../VC2_Project/Content/StarterContent/Textures/T_RockMesh_N.uasset" 414
"../../../VC2_Project/Content/StarterContent/Props/Materials/M_Rock.uasset" 415
"../../../VC2_Project/Content/StarterContent/Props/SM_Rock.uasset" 416
"../../../VC2_Project/Content/StarterContent/Textures/T_Shelf_M.uasset" 417
"../../../VC2_Project/Content/StarterContent/Textures/T_Shelf_N.uasset" 418
"../../../VC2_Project/Content/StarterContent/Props/Materials/M_Shelf.uasset" 419
"../../../VC2_Project/Content/StarterContent/Props/SM_Shelf.uasset" 420
"../../../VC2_Project/Content/StarterContent/Materials/M_Basic_Floor.uasset" 421
"../../../VC2_Project/Content/StarterContent/Props/SM_Stairs.uasset" 422
"../../../VC2_Project/Content/StarterContent/Shapes/Shape_Cone.uasset" 423
"../../../VC2_Project/Content/StarterContent/Shapes/Shape_Cylinder.uasset" 424
"../../../VC2_Project/Content/StarterContent/Shapes/Shape_NarrowCapsule.uasset" 425
"../../../VC2_Project/Content/StarterContent/Shapes/Shape_Pipe.uasset" 426
"../../../VC2_Project/Content/StarterContent/Shapes/Shape_Pipe_180.uasset" 427
"../../../VC2_Project/Content/StarterContent/Shapes/Shape_Pipe_90.uasset" 428
"../../../VC2_Project/Content/StarterContent/Shapes/Shape_Plane.uasset" 429
"../../../VC2_Project/Content/StarterContent/Shapes/Shape_Torus.uasset" 430
"../../../VC2_Project/Content/StarterContent/Shapes/Shape_Trim.uasset" 431
"../../../VC2_Project/Content/StarterContent/Shapes/Shape_Trim_90_In.uasset" 432
"../../../VC2_Project/Content/StarterContent/Shapes/Shape_Trim_90_Out.uasset" 433
"../../../VC2_Project/Content/StarterContent/Shapes/Shape_TriPyramid.uasset" 434
"../../../VC2_Project/Content/StarterContent/Shapes/Shape_Tube.uasset" 435
"../../../VC2_Project/Content/StarterContent/Shapes/Shape_Wedge_A.uasset" 436
"../../../VC2_Project/Content/StarterContent/Shapes/Shape_Wedge_B.uasset" 437
"../../../VC2_Project/Content/StarterContent/Shapes/Shape_WideCapsule.uasset" 438
"../../../VC2_Project/Content/Textures/Asphalt/Asphalt_Albedo.uasset" 439
"../../../VC2_Project/Content/Textures/Asphalt/Asphalt_Metallic.uasset" 440
"../../../VC2_Project/Content/Textures/Asphalt/Asphalt_Normal.uasset" 441
"../../../VC2_Project/Content/Textures/Backgrounds/blue_desert.uasset" 442
"../../../VC2_Project/Content/Textures/Backgrounds/blue_grass.uasset" 443
"../../../VC2_Project/Content/Textures/Backgrounds/blue_land.uasset" 444
"../../../VC2_Project/Content/Textures/Backgrounds/blue_shroom.uasset" 445
"../../../VC2_Project/Content/Textures/Backgrounds/colored_desert.uasset" 446
"../../../VC2_Project/Content/Textures/Backgrounds/colored_grass.uasset" 447
"../../../VC2_Project/Content/Textures/Backgrounds/colored_land.uasset" 448
"../../../VC2_Project/Content/Textures/Backgrounds/colored_shroom.uasset" 449
"../../../VC2_Project/Content/Textures/Brick_Wall/BrickWall_Height.uasset" 450
"../../../VC2_Project/Content/Textures/Brick_Wall/BrickWall_Metallic.uasset" 451
"../../../VC2_Project/Content/Textures/Dirt/Dirt_Albedo.uasset" 452
"../../../VC2_Project/Content/Textures/Dirt/Dirt_Height.uasset" 453
"../../../VC2_Project/Content/Textures/Dirt/Dirt_Metallic.uasset" 454
"../../../VC2_Project/Content/Textures/Dirt/Dirt_Normal.uasset" 455
"../../../VC2_Project/Content/Textures/Dirt/Dirt_Oclussion.uasset" 456
"../../../VC2_Project/Content/Textures/Gravel/Gravel_Albedo.uasset" 457
"../../../VC2_Project/Content/Textures/Gravel/Gravel_Height.uasset" 458
"../../../VC2_Project/Content/Textures/Gravel/Gravel_Metallic.uasset" 459
"../../../VC2_Project/Content/Textures/Gravel/Gravel_Normal.uasset" 460
"../../../VC2_Project/Content/Textures/Gravel/Gravel_Occlusion.uasset" 461
"../../../VC2_Project/Content/Textures/Ground/Dirt/dirt.uasset" 462
"../../../VC2_Project/Content/Textures/Ground/Dirt/dirtCenter.uasset" 463
"../../../VC2_Project/Content/Textures/Ground/Dirt/dirtCenter_rounded.uasset" 464
"../../../VC2_Project/Content/Textures/Ground/Dirt/dirtCliffAlt_left.uasset" 465
"../../../VC2_Project/Content/Textures/Ground/Dirt/dirtCliffAlt_right.uasset" 466
"../../../VC2_Project/Content/Textures/Ground/Dirt/dirtCliff_left.uasset" 467
"../../../VC2_Project/Content/Textures/Ground/Dirt/dirtCliff_right.uasset" 468
"../../../VC2_Project/Content/Textures/Ground/Dirt/dirtCorner_left.uasset" 469
"../../../VC2_Project/Content/Textures/Ground/Dirt/dirtCorner_right.uasset" 470
"../../../VC2_Project/Content/Textures/Ground/Dirt/dirtHalf.uasset" 471
"../../../VC2_Project/Content/Textures/Ground/Dirt/dirtHalf_left.uasset" 472
"../../../VC2_Project/Content/Textures/Ground/Dirt/dirtHalf_mid.uasset" 473
"../../../VC2_Project/Content/Textures/Ground/Dirt/dirtHalf_right.uasset" 474
"../../../VC2_Project/Content/Textures/Ground/Dirt/dirtHill_left.uasset" 475
"../../../VC2_Project/Content/Textures/Ground/Dirt/dirtHill_right.uasset" 476
"../../../VC2_Project/Content/Textures/Ground/Dirt/dirtLeft.uasset" 477
"../../../VC2_Project/Content/Textures/Ground/Dirt/dirtMid.uasset" 478
"../../../VC2_Project/Content/Textures/Ground/Dirt/dirtRight.uasset" 479
"../../../VC2_Project/Content/Textures/Ground/Planet/planet.uasset" 480
"../../../VC2_Project/Content/Textures/Ground/Planet/planetCenter.uasset" 481
"../../../VC2_Project/Content/Textures/Ground/Planet/planetCenter_rounded.uasset" 482
"../../../VC2_Project/Content/Textures/Ground/Planet/planetCliffAlt_left.uasset" 483
"../../../VC2_Project/Content/Textures/Ground/Planet/planetCliffAlt_right.uasset" 484
"../../../VC2_Project/Content/Textures/Ground/Planet/planetCliff_left.uasset" 485
"../../../VC2_Project/Content/Textures/Ground/Planet/planetCliff_right.uasset" 486
"../../../VC2_Project/Content/Textures/Ground/Planet/planetCorner_left.uasset" 487
"../../../VC2_Project/Content/Textures/Ground/Planet/planetCorner_right.uasset" 488
"../../../VC2_Project/Content/Textures/Ground/Planet/planetHalf.uasset" 489
"../../../VC2_Project/Content/Textures/Ground/Planet/planetHalf_left.uasset" 490
"../../../VC2_Project/Content/Textures/Ground/Planet/planetHalf_mid.uasset" 491
"../../../VC2_Project/Content/Textures/Ground/Planet/planetHalf_right.uasset" 492
"../../../VC2_Project/Content/Textures/Ground/Planet/planetHill_left.uasset" 493
"../../../VC2_Project/Content/Textures/Ground/Planet/planetHill_right.uasset" 494
"../../../VC2_Project/Content/Textures/Ground/Planet/planetLeft.uasset" 495
"../../../VC2_Project/Content/Textures/Ground/Planet/planetMid.uasset" 496
"../../../VC2_Project/Content/Textures/Ground/Planet/planetRight.uasset" 497
"../../../VC2_Project/Content/Textures/Ground/Sand/sand.uasset" 498
"../../../VC2_Project/Content/Textures/Ground/Sand/sandCenter.uasset" 499
"../../../VC2_Project/Content/Textures/Ground/Sand/sandCenter_rounded.uasset" 500
"../../../VC2_Project/Content/Textures/Ground/Sand/sandCliffAlt_left.uasset" 501
"../../../VC2_Project/Content/Textures/Ground/Sand/sandCliffAlt_right.uasset" 502
"../../../VC2_Project/Content/Textures/Ground/Sand/sandCliff_left.uasset" 503
"../../../VC2_Project/Content/Textures/Ground/Sand/sandCliff_right.uasset" 504
"../../../VC2_Project/Content/Textures/Ground/Sand/sandCorner_leftg.uasset" 505
"../../../VC2_Project/Content/Textures/Ground/Sand/sandCorner_right.uasset" 506
"../../../VC2_Project/Content/Textures/Ground/Sand/sandHalf.uasset" 507
"../../../VC2_Project/Content/Textures/Ground/Sand/sandHalf_left.uasset" 508
"../../../VC2_Project/Content/Textures/Ground/Sand/sandHalf_mid.uasset" 509
"../../../VC2_Project/Content/Textures/Ground/Sand/sandHalf_right.uasset" 510
"../../../VC2_Project/Content/Textures/Ground/Sand/sandHill_left.uasset" 511
"../../../VC2_Project/Content/Textures/Ground/Sand/sandHill_right.uasset" 512
"../../../VC2_Project/Content/Textures/Ground/Sand/sandLeft.uasset" 513
"../../../VC2_Project/Content/Textures/Ground/Sand/sandMid.uasset" 514
"../../../VC2_Project/Content/Textures/Ground/Sand/sandRight.uasset" 515
"../../../VC2_Project/Content/Textures/Ground/Snow/snow.uasset" 516
"../../../VC2_Project/Content/Textures/Ground/Snow/snowCenter.uasset" 517
"../../../VC2_Project/Content/Textures/Ground/Snow/snowCenter_rounded.uasset" 518
"../../../VC2_Project/Content/Textures/Ground/Snow/snowCliffAlt_left.uasset" 519
"../../../VC2_Project/Content/Textures/Ground/Snow/snowCliffAlt_right.uasset" 520
"../../../VC2_Project/Content/Textures/Ground/Snow/snowCliff_left.uasset" 521
"../../../VC2_Project/Content/Textures/Ground/Snow/snowCliff_right.uasset" 522
"../../../VC2_Project/Content/Textures/Ground/Snow/snowCorner_left.uasset" 523
"../../../VC2_Project/Content/Textures/Ground/Snow/snowCorner_right.uasset" 524
"../../../VC2_Project/Content/Textures/Ground/Snow/snowHalf.uasset" 525
"../../../VC2_Project/Content/Textures/Ground/Snow/snowHalf_left.uasset" 526
"../../../VC2_Project/Content/Textures/Ground/Snow/snowHalf_mid.uasset" 527
"../../../VC2_Project/Content/Textures/Ground/Snow/snowHalf_right.uasset" 528
"../../../VC2_Project/Content/Textures/Ground/Snow/snowHill_left.uasset" 529
"../../../VC2_Project/Content/Textures/Ground/Snow/snowHill_right.uasset" 530
"../../../VC2_Project/Content/Textures/Ground/Snow/snowLeft.uasset" 531
"../../../VC2_Project/Content/Textures/Ground/Snow/snowMid.uasset" 532
"../../../VC2_Project/Content/Textures/Ground/Snow/snowRight.uasset" 533
"../../../VC2_Project/Content/Textures/Ground/Stone/stone.uasset" 534
"../../../VC2_Project/Content/Textures/Ground/Stone/stoneCenter.uasset" 535
"../../../VC2_Project/Content/Textures/Ground/Stone/stoneCenter_rounded.uasset" 536
"../../../VC2_Project/Content/Textures/Ground/Stone/stoneCliffAlt_left.uasset" 537
"../../../VC2_Project/Content/Textures/Ground/Stone/stoneCliffAlt_right.uasset" 538
"../../../VC2_Project/Content/Textures/Ground/Stone/stoneCliff_left.uasset" 539
"../../../VC2_Project/Content/Textures/Ground/Stone/stoneCliff_right.uasset" 540
"../../../VC2_Project/Content/Textures/Ground/Stone/stoneCorner_left.uasset" 541
"../../../VC2_Project/Content/Textures/Ground/Stone/stoneCorner_right.uasset" 542
"../../../VC2_Project/Content/Textures/Ground/Stone/stoneHalf.uasset" 543
"../../../VC2_Project/Content/Textures/Ground/Stone/stoneHalf_left.uasset" 544
"../../../VC2_Project/Content/Textures/Ground/Stone/stoneHalf_mid.uasset" 545
"../../../VC2_Project/Content/Textures/Ground/Stone/stoneHalf_right.uasset" 546
"../../../VC2_Project/Content/Textures/Ground/Stone/stoneHill_left.uasset" 547
"../../../VC2_Project/Content/Textures/Ground/Stone/stoneHill_right.uasset" 548
"../../../VC2_Project/Content/Textures/Ground/Stone/stoneLeft.uasset" 549
"../../../VC2_Project/Content/Textures/Ground/Stone/stoneMid.uasset" 550
"../../../VC2_Project/Content/Textures/Ground/Stone/stoneRight.uasset" 551
"../../../VC2_Project/Content/Textures/HUD/hud0.uasset" 552
"../../../VC2_Project/Content/Textures/HUD/hud1.uasset" 553
"../../../VC2_Project/Content/Textures/HUD/hud2.uasset" 554
"../../../VC2_Project/Content/Textures/HUD/hud3.uasset" 555
"../../../VC2_Project/Content/Textures/HUD/hud4.uasset" 556
"../../../VC2_Project/Content/Textures/HUD/hud5.uasset" 557
"../../../VC2_Project/Content/Textures/HUD/hud6.uasset" 558
"../../../VC2_Project/Content/Textures/HUD/hud7.uasset" 559
"../../../VC2_Project/Content/Textures/HUD/hud8.uasset" 560
"../../../VC2_Project/Content/Textures/HUD/hud9.uasset" 561
"../../../VC2_Project/Content/Textures/HUD/hudCoin.uasset" 562
"../../../VC2_Project/Content/Textures/HUD/hudHeart_empty.uasset" 563
"../../../VC2_Project/Content/Textures/HUD/hudHeart_full.uasset" 564
"../../../VC2_Project/Content/Textures/HUD/hudHeart_half.uasset" 565
"../../../VC2_Project/Content/Textures/HUD/hudJewel_blue.uasset" 566
"../../../VC2_Project/Content/Textures/HUD/hudJewel_blue_empty.uasset" 567
"../../../VC2_Project/Content/Textures/HUD/hudJewel_green.uasset" 568
"../../../VC2_Project/Content/Textures/HUD/hudJewel_green_empty.uasset" 569
"../../../VC2_Project/Content/Textures/HUD/hudJewel_red.uasset" 570
"../../../VC2_Project/Content/Textures/HUD/hudJewel_red_empty.uasset" 571
"../../../VC2_Project/Content/Textures/HUD/hudJewel_yellow.uasset" 572
"../../../VC2_Project/Content/Textures/HUD/hudJewel_yellow_empty.uasset" 573
"../../../VC2_Project/Content/Textures/HUD/hudKey_blue.uasset" 574
"../../../VC2_Project/Content/Textures/HUD/hudKey_blue_empty.uasset" 575
"../../../VC2_Project/Content/Textures/HUD/hudKey_green.uasset" 576
"../../../VC2_Project/Content/Textures/HUD/hudKey_green_empty.uasset" 577
"../../../VC2_Project/Content/Textures/HUD/hudKey_red.uasset" 578
"../../../VC2_Project/Content/Textures/HUD/hudKey_red_empty.uasset" 579
"../../../VC2_Project/Content/Textures/HUD/hudKey_yellow.uasset" 580
"../../../VC2_Project/Content/Textures/HUD/hudKey_yellow_empty.uasset" 581
"../../../VC2_Project/Content/Textures/HUD/hudPlayer_beige.uasset" 582
"../../../VC2_Project/Content/Textures/HUD/hudPlayer_blue.uasset" 583
"../../../VC2_Project/Content/Textures/HUD/hudPlayer_green.uasset" 584
"../../../VC2_Project/Content/Textures/HUD/hudPlayer_pink.uasset" 585
"../../../VC2_Project/Content/Textures/HUD/hudPlayer_yellow.uasset" 586
"../../../VC2_Project/Content/Textures/HUD/hudX.uasset" 587
"../../../VC2_Project/Content/Textures/Particles/brickBrown.uasset" 588
"../../../VC2_Project/Content/Textures/Particles/brickGrey.uasset" 589
"../../../VC2_Project/Content/Textures/Particles/fireball.uasset" 590
"../../../VC2_Project/Content/Textures/Players/Beige/alienBeige_climb1.uasset" 591
"../../../VC2_Project/Content/Textures/Players/Beige/alienBeige_climb2.uasset" 592
"../../../VC2_Project/Content/Textures/Players/Beige/alienBeige_duck.uasset" 593
"../../../VC2_Project/Content/Textures/Players/Beige/alienBeige_front.uasset" 594
"../../../VC2_Project/Content/Textures/Players/Beige/alienBeige_hit.uasset" 595
"../../../VC2_Project/Content/Textures/Players/Beige/alienBeige_jump.uasset" 596
"../../../VC2_Project/Content/Textures/Players/Beige/alienBeige_stand.uasset" 597
"../../../VC2_Project/Content/Textures/Players/Beige/alienBeige_swim1.uasset" 598
"../../../VC2_Project/Content/Textures/Players/Beige/alienBeige_swim2.uasset" 599
"../../../VC2_Project/Content/Textures/Players/Beige/alienBeige_walk1.uasset" 600
"../../../VC2_Project/Content/Textures/Players/Beige/alienBeige_walk2.uasset" 601
"../../../VC2_Project/Content/Textures/Players/Blue/alienBlue_climb1.uasset" 602
"../../../VC2_Project/Content/Textures/Players/Blue/alienBlue_climb2.uasset" 603
"../../../VC2_Project/Content/Textures/Players/Blue/alienBlue_duck.uasset" 604
"../../../VC2_Project/Content/Textures/Players/Blue/alienBlue_front.uasset" 605
"../../../VC2_Project/Content/Textures/Players/Blue/alienBlue_hit.uasset" 606
"../../../VC2_Project/Content/Textures/Players/Blue/alienBlue_jump.uasset" 607
"../../../VC2_Project/Content/Textures/Players/Blue/alienBlue_stand.uasset" 608
"../../../VC2_Project/Content/Textures/Players/Blue/alienBlue_stand_Sprite.uasset" 609
"../../../VC2_Project/Content/Textures/Players/Blue/alienBlue_swim1.uasset" 610
"../../../VC2_Project/Content/Textures/Players/Blue/alienBlue_swim2.uasset" 611
"../../../VC2_Project/Content/Textures/Players/Blue/alienBlue_walk1.uasset" 612
"../../../VC2_Project/Content/Textures/Players/Blue/alienBlue_walk2.uasset" 613
"../../../VC2_Project/Content/Textures/Players/Pink/alienPink_climb1.uasset" 614
"../../../VC2_Project/Content/Textures/Players/Pink/alienPink_climb2.uasset" 615
"../../../VC2_Project/Content/Textures/Players/Pink/alienPink_duck.uasset" 616
"../../../VC2_Project/Content/Textures/Players/Pink/alienPink_front.uasset" 617
"../../../VC2_Project/Content/Textures/Players/Pink/alienPink_hit.uasset" 618
"../../../VC2_Project/Content/Textures/Players/Pink/alienPink_jump.uasset" 619
"../../../VC2_Project/Content/Textures/Players/Pink/alienPink_stand.uasset" 620
"../../../VC2_Project/Content/Textures/Players/Pink/alienPink_swim1.uasset" 621
"../../../VC2_Project/Content/Textures/Players/Pink/alienPink_swim2.uasset" 622
"../../../VC2_Project/Content/Textures/Players/Pink/alienPink_walk1.uasset" 623
"../../../VC2_Project/Content/Textures/Players/Pink/alienPink_walk2.uasset" 624
"../../../VC2_Project/Content/Textures/Players/Yellow/alienYellow_climb1.uasset" 625
"../../../VC2_Project/Content/Textures/Players/Yellow/alienYellow_climb2.uasset" 626
"../../../VC2_Project/Content/Textures/Players/Yellow/alienYellow_duck.uasset" 627
"../../../VC2_Project/Content/Textures/Players/Yellow/alienYellow_front.uasset" 628
"../../../VC2_Project/Content/Textures/Players/Yellow/alienYellow_hit.uasset" 629
"../../../VC2_Project/Content/Textures/Players/Yellow/alienYellow_jump.uasset" 630
"../../../VC2_Project/Content/Textures/Players/Yellow/alienYellow_stand.uasset" 631
"../../../VC2_Project/Content/Textures/Players/Yellow/alienYellow_swim1.uasset" 632
"../../../VC2_Project/Content/Textures/Players/Yellow/alienYellow_swim2.uasset" 633
"../../../VC2_Project/Content/Textures/Players/Yellow/alienYellow_walk1.uasset" 634
"../../../VC2_Project/Content/Textures/Players/Yellow/alienYellow_walk2.uasset" 635
"../../../VC2_Project/Content/Textures/Sand/Sand_Albedo.uasset" 636
"../../../VC2_Project/Content/Textures/Sand/Sand_Height.uasset" 637
"../../../VC2_Project/Content/Textures/Sand/Sand_Metallic.uasset" 638
"../../../VC2_Project/Content/Textures/Sand/Sand_Normal.uasset" 639
"../../../Engine/Content/Functions/Engine_MaterialFunctions01/Opacity/CameraDepthFade.uasset" 640
"../../../Engine/Content/EngineMaterials/T_Default_Material_Grid_M.uasset" 641
"../../../Engine/Content/EngineMaterials/T_Default_Material_Grid_N.uasset" 642
"../../../Engine/Content/EngineMaterials/DefaultMaterial.uasset" 643
"../../../Engine/Content/BasicShapes/Cone.uasset" 644
"../../../Engine/Content/BasicShapes/Cylinder.uasset" 645
"../../../Engine/Content/EngineMaterials/WorldGridMaterial.uasset" 646
"../../../Engine/Content/BasicShapes/Plane.uasset" 647
"../../../Engine/Content/EditorLandscapeResources/DataLayer.uasset" 648
"../../../Engine/Content/EditorMaterials/GizmoMaterial.uasset" 649
"../../../Engine/Content/EditorMaterials/MAT_Groups_Toggle.uasset" 650
"../../../Engine/Content/EditorMaterials/MAT_Groups_Visibility.uasset" 651
"../../../Engine/Content/EditorMaterials/PreviewShadowIndicator.uasset" 652
"../../../Engine/Content/EditorMaterials/PreviewShadowIndicatorMaterial.uasset" 653
"../../../Engine/Content/EditorMaterials/MatineeGroups/MAT_ColorTrack.uasset" 654
"../../../Engine/Content/EditorMaterials/MatineeGroups/MAT_Groups_Anim.uasset" 655
"../../../Engine/Content/EditorMaterials/MatineeGroups/MAT_Groups_AudioMaster.uasset" 656
"../../../Engine/Content/EditorMaterials/MatineeGroups/MAT_Groups_Director.uasset" 657
"../../../Engine/Content/EditorMaterials/MatineeGroups/MAT_Groups_Event.uasset" 658
"../../../Engine/Content/EditorMaterials/MatineeGroups/MAT_Groups_Fade.uasset" 659
"../../../Engine/Content/EditorMaterials/MatineeGroups/MAT_Groups_Float.uasset" 660
"../../../Engine/Content/EditorMaterials/MatineeGroups/MAT_Groups_Move.uasset" 661
"../../../Engine/Content/EditorMaterials/MatineeGroups/MAT_Groups_Slomo.uasset" 662
"../../../Engine/Content/EditorMaterials/MatineeGroups/MAT_Groups_Sound.uasset" 663
"../../../Engine/Content/EditorMaterials/MatineeGroups/MAT_Groups_Vector.uasset" 664
"../../../Engine/Content/EditorMaterials/ParticleSystems/PSysThumbnail_NoImage.uasset" 665
"../../../Engine/Content/EditorMaterials/ParticleSystems/PSysThumbnail_OOD.uasset" 666
"../../../Engine/Content/EditorMaterials/Camera/CineMat.uasset" 667
"../../../Engine/Content/EditorMaterials/Camera/MI_CineMat_Rig.uasset" 668
"../../../Engine/Content/EditorMeshes/Camera/SM_CraneRig_Arm.uasset" 669
"../../../Engine/Content/EditorMeshes/Camera/SM_CraneRig_Base.uasset" 670
"../../../Engine/Content/EditorMeshes/Camera/SM_CraneRig_Body.uasset" 671
"../../../Engine/Content/EditorMeshes/Camera/SM_CraneRig_Mount.uasset" 672
"../../../Engine/Content/EditorMeshes/Camera/SM_RailRig_Mount.uasset" 673
"../../../Engine/Content/EditorMeshes/Camera/SM_RailRig_Track.uasset" 674
"../../../Engine/Content/EditorResources/BSPVertex.uasset" 675
"../../../Engine/Content/EditorResources/EmptyActor.uasset" 676
"../../../Engine/Content/EditorResources/S_Actor.uasset" 677
"../../../Engine/Content/EditorResources/S_Trigger.uasset" 678
"../../../Engine/Content/EditorResources/AudioIcons/S_AudioComponent.uasset" 679
"../../../Engine/Content/EditorResources/AudioIcons/S_AudioComponent_AutoActivate.uasset" 680
"../../../Engine/Content/EditorResources/LightIcons/S_LightError.uasset" 681
"../../../Engine/Content/EditorResources/SequenceRecorder/Countdown.uasset" 682
"../../../Engine/Content/EditorResources/SequenceRecorder/RecordingIndicator.uasset" 683
"../../../Engine/Content/EditorSounds/Notifications/CompileFailed.uasset" 684
"../../../Engine/Content/EditorSounds/Notifications/CompileFailed_Cue.uasset" 685
"../../../Engine/Content/EditorSounds/Notifications/CompileSuccess.uasset" 686
"../../../Engine/Content/EditorSounds/Notifications/CompileStart_Cue.uasset" 687
"../../../Engine/Content/EditorSounds/Notifications/CompileSuccess_Cue.uasset" 688
"../../../Engine/Content/EngineDamageTypes/DmgTypeBP_Environmental.uasset" 689
"../../../Engine/Content/EngineDebugMaterials/HeatmapGradient.uasset" 690
"../../../Engine/Content/EngineDebugMaterials/BoneWeightMaterial.uasset" 691
"../../../Engine/Content/EngineDebugMaterials/ClothMaterial.uasset" 692
"../../../Engine/Content/EngineDebugMaterials/ClothMaterial_WF.uasset" 693
"../../../Engine/Content/EngineDebugMaterials/DebugEditorMaterial.uasset" 694
"../../../Engine/Content/EngineDebugMaterials/DebugMeshMaterial.uasset" 695
"../../../Engine/Content/EngineDebugMaterials/GeomMaterial.uasset" 696
"../../../Engine/Content/EngineFonts/Faces/RobotoBold.uasset" 697
"../../../Engine/Content/EngineFonts/Faces/RobotoBoldItalic.uasset" 698
"../../../Engine/Content/EngineFonts/Faces/RobotoItalic.uasset" 699
"../../../Engine/Content/EngineFonts/Faces/RobotoLight.uasset" 700
"../../../Engine/Content/EngineFonts/Faces/RobotoRegular.uasset" 701
"../../../Engine/Content/EngineFonts/Roboto.uasset" 702
"../../../Engine/Content/EngineFonts/Faces/RobotoTiny.uasset" 703
"../../../Engine/Content/EngineFonts/RobotoTiny.uasset" 704
"../../../Engine/Content/EngineMaterials/DefaultBloomKernel.uasset" 705
"../../../Engine/Content/EngineMaterials/DefaultBokeh.uasset" 706
"../../../Engine/Content/EngineMaterials/DefaultDiffuse.uasset" 707
"../../../Engine/Content/EngineMaterials/DefaultDeferredDecalMaterial.uasset" 708
"../../../Engine/Content/EngineMaterials/DefaultLightFunctionMaterial.uasset" 709
"../../../Engine/Content/EngineMaterials/DefaultPhysicalMaterial.uasset" 710
"../../../Engine/Content/Functions/Engine_MaterialFunctions02/Utility/BreakOutFloat2Components.uasset" 711
"../../../Engine/Content/EngineMaterials/DefaultPostProcessMaterial.uasset" 712
"../../../Engine/Content/EngineFonts/RobotoDistanceField.uasset" 713
"../../../Engine/Content/EngineMaterials/DefaultTextMaterialOpaque.uasset" 714
"../../../Engine/Content/EngineMaterials/DefaultWhiteGrid.uasset" 715
"../../../Engine/Content/EngineMaterials/EditorBrushMaterial.uasset" 716
"../../../Engine/Content/EngineMaterials/Good64x64TilingNoiseHighFreq.uasset" 717
"../../../Engine/Content/EngineMaterials/MiniFont.uasset" 718
"../../../Engine/Content/EngineMaterials/InvalidLightmapSettings.uasset" 719
"../../../Engine/Content/EngineMaterials/M_InvalidLightmapSettings.uasset" 720
"../../../Engine/Content/Functions/Engine_MaterialFunctions02/WorldPositionOffset/CameraOffset.uasset" 721
"../../../Engine/Content/EngineMaterials/PhAT_JointLimitMaterial.uasset" 722
"../../../Engine/Content/EngineMaterials/PreintegratedSkinBRDF.uasset" 723
"../../../Engine/Content/EngineMaterials/RemoveSurfaceMaterial.uasset" 724
"../../../Engine/Content/EngineMaterials/WeightMapPlaceholderTexture.uasset" 725
"../../../Engine/Content/EngineResources/WhiteSquareTexture.uasset" 726
"../../../Engine/Content/EngineMaterials/Widget3DPassThrough.uasset" 727
"../../../Engine/Content/EngineMaterials/Widget3DPassThrough_Masked.uasset" 728
"../../../Engine/Content/EngineMaterials/Widget3DPassThrough_Opaque.uasset" 729
"../../../Engine/Content/EngineMaterials/Widget3DPassThrough_Masked_OneSided.uasset" 730
"../../../Engine/Content/EngineMaterials/Widget3DPassThrough_Opaque_OneSided.uasset" 731
"../../../Engine/Content/EngineMaterials/Widget3DPassThrough_Translucent.uasset" 732
"../../../Engine/Content/EngineMaterials/Widget3DPassThrough_Translucent_OneSided.uasset" 733
"../../../Engine/Content/EngineMeshes/Cube.uasset" 734
"../../../Engine/Content/EngineMeshes/Cylinder.uasset" 735
"../../../Engine/Content/EngineMeshes/Sphere.uasset" 736
"../../../Engine/Content/EngineResources/Black.uasset" 737
"../../../Engine/Content/EngineResources/DefaultTexture.uasset" 738
"../../../Engine/Content/EngineResources/DefaultTextureCube.uasset" 739
"../../../Engine/Content/EngineResources/GradientTexture0.uasset" 740
"../../../Engine/Content/EngineSounds/Master.uasset" 741
"../../../Engine/Content/Functions/Engine_MaterialFunctions01/Shading/ConvertFromDiffSpec.uasset" 742
"../../../Engine/Content/Functions/Engine_MaterialFunctions01/Shading/PowerToRoughness.uasset" 743
"../../../Engine/Content/Maps/Templates/Thumbnails/Default.uasset" 744
"../../../Engine/Content/Maps/Templates/Thumbnails/VR-Basic.uasset" 745
"../../../Engine/Content/MobileResources/T_MobileControls_texture.uasset" 746
"../../../Engine/Content/MobileResources/T_MobileMenu2.uasset" 747
"../../../Engine/Content/MobileResources/HUD/AnalogHat.uasset" 748
"../../../Engine/Content/MobileResources/HUD/VirtualJoystick_Background.uasset" 749
"../../../Engine/Content/MobileResources/HUD/VirtualJoystick_Thumb.uasset" 750
"../../../Engine/Content/MobileResources/HUD/DefaultVirtualJoysticks.uasset" 751
"../../../Engine/Content/MobileResources/HUD/LeftVirtualJoystickOnly.uasset" 752
"../../../Engine/Content/MobileResources/HUD/MobileHUDButton1_off.uasset" 753
"../../../Engine/Content/MobileResources/HUD/MobileHUDButton1_on.uasset" 754
"../../../Engine/Content/MobileResources/HUD/MobileHUDButton2_off.uasset" 755
"../../../Engine/Content/MobileResources/HUD/MobileHUDButton2_on.uasset" 756
"../../../Engine/Content/MobileResources/HUD/MobileHUDButton3.uasset" 757
"../../../Engine/Content/MobileResources/HUD/MobileHUDButtonFire.uasset" 758
"../../../Engine/Content/MobileResources/HUD/MobileHUDDirectionPad.uasset" 759
"../../../Engine/Content/MobileResources/HUD/MobileHUDDirectionPad2.uasset" 760
"../../../Engine/Content/MobileResources/HUD/MobileHUDDirectionPad3.uasset" 761
"../../../Engine/Content/MobileResources/HUD/MobileHUDDirectionStick.uasset" 762
"../../../Engine/Content/MobileResources/HUD/T_Castle_ThumbstickInner.uasset" 763
"../../../Engine/Content/MobileResources/HUD/T_Castle_ThumbstickOutter.uasset" 764
"../../../Engine/Content/Tutorial/ContentIntroCurve.uasset" 765
"../../../Engine/Content/Tutorial/Basics/TutorialAssets/icon_tab_Levels_40x.uasset" 766
"../../../Engine/Content/Tutorial/BlueprintTutorials/TutorialAssets/BlueprintInterface_64x.uasset" 767
"../../../Engine/Content/Tutorial/BlueprintTutorials/TutorialAssets/BlueprintMacroLibrary_64x.uasset" 768
"../../../Engine/Content/Tutorial/BlueprintTutorials/TutorialAssets/Blueprint_64x.uasset" 769
"../../../Engine/Content/Tutorial/BlueprintTutorials/TutorialAssets/Tutorial_BP_Interface.uasset" 770
"../../../Engine/Content/Tutorial/Foliage/TutorialAssets/Foliage.uasset" 771
"../../../Engine/Content/Tutorial/Landscape/TutorialAssets/Landscape.uasset" 772
"../../../Engine/Content/Tutorial/Paper2D/TutorialAssets/Paper2DFlipbook_TutorialIcon.uasset" 773
"../../../Engine/Content/Tutorial/Paper2D/TutorialAssets/Paper2DSprite_TutorialIcon.uasset" 774
"../../../Engine/Content/Tutorial/SubEditors/TutorialAssets/icon_Editor_Preferences_General_40x.uasset" 775
"../../../Engine/Content/Tutorial/SubEditors/TutorialAssets/icon_ShowSkeletalMeshes_40x.uasset" 776
"../../../Engine/Content/Tutorial/SubEditors/TutorialAssets/TutorialMaterial.uasset" 777
"../../../Engine/Content/Tutorial/SubEditors/TutorialAssets/T_SmokeSubUV_8X8.uasset" 778
"../../../Engine/Content/Tutorial/SubEditors/TutorialAssets/T_soft_smoke.uasset" 779
"../../../Engine/Content/Tutorial/SubEditors/TutorialAssets/M_smoke_subUV_blackbody.uasset" 780
"../../../Engine/Content/Tutorial/SubEditors/TutorialAssets/TutorialParticleSystem.uasset" 781
"../../../Engine/Content/VREditor/Devices/Generic/GenericHMDMaterial.uasset" 782
"../../../Engine/Content/VREditor/Devices/Generic/GenericHMD.uasset" 783
"../../../Engine/Content/VREditor/FloatingText/LineMaterial.uasset" 784
"../../../Engine/Content/VREditor/FloatingText/JointSphere.uasset" 785
"../../../Engine/Content/VREditor/FloatingText/LineSegmentCylinder.uasset" 786
"../../../Engine/Content/VREditor/Fonts/VRText_RobotoLarge.uasset" 787
"../../../Engine/Content/VREditor/Fonts/VRTextMaterial.uasset" 788
"../../../Engine/Content/VREditor/Fonts/TranslucentVRTextMaterial.uasset" 789
"../../../Engine/Content/VREditor/LaserPointer/CursorPointer.uasset" 790
"../../../Engine/Content/VREditor/LaserPointer/VR_LaserPower_01.uasset" 791
"../../../Engine/Content/VREditor/TransformGizmo/TransformGizmoMaterial.uasset" 792
"../../../Engine/Content/VREditor/LaserPointer/HoverMaterial.uasset" 793
"../../../Engine/Content/VREditor/TransformGizmo/TranslucentTransformGizmoMaterial.uasset" 794
"../../../Engine/Content/VREditor/LaserPointer/TranslucentHoverMaterial.uasset" 795
"../../../Engine/Content/VREditor/LaserPointer/HoverMesh.uasset" 796
"../../../Engine/Content/VREditor/LaserPointer/LaserPointerMaterial.uasset" 797
"../../../Engine/Content/VREditor/LaserPointer/LaserPointerMaterialInst.uasset" 798
"../../../Engine/Content/VREditor/LaserPointer/TranslucentLaserPointerMaterialInst.uasset" 799
"../../../Engine/Content/VREditor/LaserPointer/LaserPointerMesh.uasset" 800
"../../../Engine/Content/VREditor/LaserPointer/LaserPointerMesh_End.uasset" 801
"../../../Engine/Content/VREditor/LaserPointer/LaserPointerMesh_Start.uasset" 802
"../../../Engine/Content/Functions/Engine_MaterialFunctions02/Utility/BreakOutFloat3Components.uasset" 803
"../../../Engine/Content/Functions/Engine_MaterialFunctions02/Math/Transform3x3Matrix.uasset" 804
"../../../Engine/Content/Functions/Engine_MaterialFunctions02/SplitComponents.uasset" 805
"../../../Engine/Content/Functions/Engine_MaterialFunctions02/Utility/MakeFloat3.uasset" 806
"../../../Engine/Content/VREditor/SnapGrid/SnapGridMaterial.uasset" 807
"../../../Engine/Content/VREditor/SnapGrid/SnapGridPlaneMesh.uasset" 808
"../../../Engine/Content/VREditor/Sounds/VR_teleport.uasset" 809
"../../../Engine/Content/VREditor/Sounds/UI/Click_on_Button_Cue.uasset" 810
"../../../Engine/Content/VREditor/Sounds/UI/Dockable_Window_Close.uasset" 811
"../../../Engine/Content/VREditor/Sounds/UI/Dockable_Window_Drop.uasset" 812
"../../../Engine/Content/VREditor/Sounds/UI/Dockable_Window_Open.uasset" 813
"../../../Engine/Content/VREditor/Sounds/UI/Dockable_Window_Pick_Up.uasset" 814
"../../../Engine/Content/VREditor/Sounds/UI/Drop_Item_From_ContentBrowser.uasset" 815
"../../../Engine/Content/VREditor/Sounds/UI/Floating_UI_Open-001.uasset" 816
"../../../Engine/Content/VREditor/Sounds/UI/Gizmo_Handle_Clicked.uasset" 817
"../../../Engine/Content/VREditor/Sounds/UI/Object_PickUp.uasset" 818
"../../../Engine/Content/VREditor/Sounds/UI/Object_Snaps_To_Another_Actor.uasset" 819
"../../../Engine/Content/VREditor/Sounds/UI/Object_Snaps_To_Grid.uasset" 820
"../../../Engine/Content/VREditor/Sounds/UI/Radial_Menu_FadeOut.uasset" 821
"../../../Engine/Content/VREditor/Sounds/UI/Scaling_Down.uasset" 822
"../../../Engine/Content/VREditor/Sounds/UI/Scaling_Up.uasset" 823
"../../../Engine/Content/VREditor/Sounds/UI/Selection_Changes.uasset" 824
"../../../Engine/Content/VREditor/Sounds/UI/Teleport_Mode_Entered.uasset" 825
"../../../Engine/Content/VREditor/Teleport/TeleportDirectionMaterial.uasset" 826
"../../../Engine/Content/VREditor/Teleport/TeleportDirectionMaterial_Inst.uasset" 827
"../../../Engine/Content/VREditor/Teleport/TeleportDirectionMesh.uasset" 828
"../../../Engine/Content/VREditor/TransformGizmo/BoundingBoxCorner.uasset" 829
"../../../Engine/Content/VREditor/TransformGizmo/BoundingBoxEdge.uasset" 830
"../../../Engine/Content/VREditor/TransformGizmo/PlaneTranslationHandle.uasset" 831
"../../../Engine/Content/VREditor/TransformGizmo/RotationHandleFull.uasset" 832
"../../../Engine/Content/VREditor/TransformGizmo/RotationHandleIndicator.uasset" 833
"../../../Engine/Content/VREditor/TransformGizmo/RotationHandleQuarter.uasset" 834
"../../../Engine/Content/VREditor/TransformGizmo/Main.uasset" 835
"../../../Engine/Content/VREditor/TransformGizmo/Xray.uasset" 836
"../../../Engine/Content/VREditor/TransformGizmo/SM_Dialog_Close.uasset" 837
"../../../Engine/Content/VREditor/TransformGizmo/SM_Dialog_Move.uasset" 838
"../../../Engine/Content/VREditor/TransformGizmo/SM_Sequencer_Key.uasset" 839
"../../../Engine/Content/VREditor/TransformGizmo/SM_Sequencer_Node.uasset" 840
"../../../Engine/Content/VREditor/TransformGizmo/StartRotationHandleIndicator.uasset" 841
"../../../Engine/Content/VREditor/TransformGizmo/TranslucentTransformGizmoMaterial_Inst.uasset" 842
"../../../Engine/Content/VREditor/TransformGizmo/TransformGizmoFreeRotation.uasset" 843
"../../../Engine/Content/VREditor/TransformGizmo/TransformGizmoMaterial_Inst.uasset" 844
"../../../Engine/Content/VREditor/TransformGizmo/TranslateArrowHandle.uasset" 845
"../../../Engine/Content/VREditor/TransformGizmo/UniformScaleHandle.uasset" 846
"../../../Engine/Content/VREditor/UI/KeyDiskMaterial.uasset" 847
"../../../Engine/Content/VREditor/UI/DiscMaterial.uasset" 848
"../../../Engine/Content/VREditor/UI/SM_Radial_Disk.uasset" 849
"../../../Engine/Content/VREditor/WorldMovementGrid/SimpleGrid.uasset" 850
"../../../Engine/Content/VREditor/WorldMovementGrid/GridMaterial.uasset" 851
"../../../Engine/Content/Functions/Engine_MaterialFunctions01/Density/ExponentialDensity.uasset" 852
"../../../Engine/Content/VREditor/WorldMovementGrid/GridPostProcess.uasset" 853
"../../../Engine/Content/EditorLandscapeResources/FlattenHeightMat.uasset" 854
"../../../Engine/Content/VREditor/WorldMovementGrid/PlaneMesh.uasset" 855
"../../../Engine/Plugins/2D/Paper2D/Content/PlaceholderTextures/DummySpriteTexture.uasset" 856
"../../../Engine/Plugins/2D/Paper2D/Content/DummySprite.uasset" 857
"../../../Engine/Plugins/2D/Paper2D/Content/DefaultPaperTerrainMaterial.uasset" 858
"../../../Engine/Plugins/2D/Paper2D/Content/MaskedUnlitSpriteMaterial.uasset" 859
"../../../Engine/Plugins/2D/Paper2D/Content/OpaqueUnlitSpriteMaterial.uasset" 860
"../../../Engine/Plugins/Media/MediaCompositing/Content/DefaultMediaPlaneMaterial.uasset" 861
"../../../Engine/Content/Functions/Engine_MaterialFunctions02/Utility/MakeFloat4.uasset" 862
"../../../Engine/Plugins/Runtime/AppleARKit/Content/ARKitCameraMaterial.uasset" 863
"../../../Engine/Plugins/Runtime/Oculus/OculusVR/Content/Textures/GearVRController_AO.uasset" 864
"../../../Engine/Plugins/Runtime/Oculus/OculusVR/Content/Textures/GearVRController_Color.uasset" 865
"../../../Engine/Plugins/Runtime/Oculus/OculusVR/Content/Textures/GearVRController_Normal.uasset" 866
"../../../Engine/Plugins/Runtime/Oculus/OculusVR/Content/Materials/GearVRControllerMaterial.uasset" 867
"../../../Engine/Plugins/Runtime/Oculus/OculusVR/Content/Meshes/GearVrController.uasset" 868
"../../../Engine/Content/EngineSky/C_Sky_Cloud_Color.uasset" 869
"../../../Engine/Content/EngineSky/C_Sky_Horizon_Color.uasset" 870
"../../../Engine/Content/EngineSky/C_Sky_Zenith_Color.uasset" 871
"../../../Engine/Content/EngineSky/T_Sky_Blue.uasset" 872
"../../../Engine/Content/EngineSky/T_Sky_Clouds_M.uasset" 873
"../../../Engine/Content/EngineSky/T_Sky_Stars.uasset" 874
"../../../Engine/Content/EngineSky/M_Sky_Panning_Clouds2.uasset" 875
"../../../Engine/Content/EngineSky/SM_SkySphere.uasset" 876
"../../../Engine/Content/EngineSky/BP_Sky_Sphere.uasset" 877
"../../../VC2_Project/Content/Blueprints/Player/PlayerKeyState.uasset" 878
"../../../VC2_Project/Content/Blueprints/Gamemodes/2DPlatformerGamemodeBP.uasset" 879
"../../../VC2_Project/Content/Textures/Tiles/doorClosed_mid.uasset" 880
"../../../VC2_Project/Content/Sprite/Tiles/doorClosed_mid_Sprite.uasset" 881
"../../../VC2_Project/Content/Textures/Tiles/doorClosed_top.uasset" 882
"../../../VC2_Project/Content/Sprite/Tiles/doorClosed_top_Sprite.uasset" 883
"../../../VC2_Project/Content/Textures/Tiles/doorOpen_mid.uasset" 884
"../../../VC2_Project/Content/Sprite/Tiles/doorOpen_mid_Sprite.uasset" 885
"../../../VC2_Project/Content/Textures/Tiles/doorOpen_top.uasset" 886
"../../../VC2_Project/Content/Sprite/Tiles/doorOpen_top_Sprite.uasset" 887
"../../../VC2_Project/Content/Blueprints/Stuff/CompleteDoor.uasset" 888
"../../../VC2_Project/Content/Textures/Ground/Grass/grass.uasset" 889
"../../../VC2_Project/Content/Sprite/Ground/grass_Sprite.uasset" 890
"../../../VC2_Project/Content/Blueprints/Tiles/GroundTile.uasset" 891
"../../../VC2_Project/Content/Blueprints/Tiles/MoveNode.uasset" 892
"../../../VC2_Project/Content/Blueprints/Tiles/MovingTile.uasset" 893
"../../../VC2_Project/Content/Textures/Ground/Grass/grassHalf_mid.uasset" 894
"../../../VC2_Project/Content/Sprite/Ground/grassHalf_mid_Sprite.uasset" 895
"../../../VC2_Project/Content/Textures/Ground/Grass/grassLeft.uasset" 896
"../../../VC2_Project/Content/Sprite/Ground/grassLeft_Sprite.uasset" 897
"../../../VC2_Project/Content/Textures/Ground/Grass/grassMid.uasset" 898
"../../../VC2_Project/Content/Sprite/Ground/grassMid_Sprite.uasset" 899
"../../../VC2_Project/Content/Textures/Ground/Grass/grassRight.uasset" 900
"../../../VC2_Project/Content/Sprite/Ground/grassRight_Sprite.uasset" 901
"../../../VC2_Project/Content/Maps/EnemyMap.umap" 902
"../../../VC2_Project/Content/Blueprints/Pickup/PickupBP.uasset" 903
"../../../VC2_Project/Content/Blueprints/Stuff/KeyDoor.uasset" 904
"../../../VC2_Project/Content/Blueprints/Pickup/KeyPickup.uasset" 905
"../../../VC2_Project/Content/Maps/KeyTutorial_BuiltData.uasset" 906
"../../../VC2_Project/Content/Textures/Items/keyBlue.uasset" 907
"../../../VC2_Project/Content/Sprite/Items/keyBlue_Sprite.uasset" 908
"../../../VC2_Project/Content/Maps/KeyTutorial.umap" 909
"../../../VC2_Project/Content/Blueprints/MidAirText.uasset" 910
"../../../VC2_Project/Content/Materials/RoughnessExample.uasset" 911
"../../../VC2_Project/Content/Materials/RoughnessExampleInstance.uasset" 912
"../../../VC2_Project/Content/StarterContent/Props/Materials/M_MaterialSphere.uasset" 913
"../../../VC2_Project/Content/StarterContent/Props/Materials/M_MaterialSphere_Plain.uasset" 914
"../../../VC2_Project/Content/StarterContent/Props/SM_MatPreviewMesh_02.uasset" 915
"../../../VC2_Project/Content/Blueprints/RoughnessVariationBP.uasset" 916
"../../../VC2_Project/Content/Materials/TeapotMaterial.uasset" 917
"../../../VC2_Project/Content/Models/Teapot.uasset" 918
"../../../VC2_Project/Content/Blueprints/Teapot.uasset" 919
"../../../VC2_Project/Content/FirstPerson/Character/Mesh/SK_Mannequin_Arms_Skeleton.uasset" 920
"../../../VC2_Project/Content/FirstPerson/Animations/FirstPerson_Idle.uasset" 921
"../../../VC2_Project/Content/FirstPerson/Animations/FirstPerson_JumpEnd.uasset" 922
"../../../VC2_Project/Content/FirstPerson/Animations/FirstPerson_JumpLoop.uasset" 923
"../../../VC2_Project/Content/FirstPerson/Animations/FirstPerson_JumpStart.uasset" 924
"../../../VC2_Project/Content/FirstPerson/Animations/FirstPerson_Run.uasset" 925
"../../../VC2_Project/Content/FirstPerson/Animations/FirstPerson_AnimBP.uasset" 926
"../../../VC2_Project/Content/FirstPerson/Animations/FirstPerson_Fire.uasset" 927
"../../../VC2_Project/Content/FirstPerson/Animations/FirstPersonFire_Montage.uasset" 928
"../../../VC2_Project/Content/FirstPerson/Meshes/BaseMaterial.uasset" 929
"../../../VC2_Project/Content/FirstPerson/Meshes/FirstPersonProjectileMaterial.uasset" 930
"../../../VC2_Project/Content/FirstPerson/Meshes/FirstPersonProjectileMesh.uasset" 931
"../../../VC2_Project/Content/FirstPersonBP/Blueprints/FirstPersonProjectile.uasset" 932
"../../../VC2_Project/Content/FirstPerson/Audio/FirstPersonTemplateWeaponFire02.uasset" 933
"../../../Engine/Content/Functions/MaterialLayerFunctions/MatLayerBlend_NormalBlend.uasset" 934
"../../../Engine/Content/Functions/MaterialLayerFunctions/MatLayerBlend_Simple.uasset" 935
"../../../VC2_Project/Content/FirstPerson/Character/Materials/MaterialLayers/T_ML_Rubber_Blue_01_D.uasset" 936
"../../../VC2_Project/Content/FirstPerson/Character/Materials/MaterialLayers/T_ML_Rubber_Blue_01_N.uasset" 937
"../../../VC2_Project/Content/FirstPerson/Character/Materials/MaterialLayers/ML_GlossyBlack_Latex_UE4.uasset" 938
"../../../VC2_Project/Content/FirstPerson/Character/Materials/MaterialLayers/ML_Plastic_Shiny_Beige.uasset" 939
"../../../VC2_Project/Content/FirstPerson/Character/Textures/UE4_LOGO_CARD.uasset" 940
"../../../VC2_Project/Content/FirstPerson/Character/Materials/MaterialLayers/ML_Plastic_Shiny_Beige_LOGO.uasset" 941
"../../../VC2_Project/Content/FirstPerson/Character/Materials/MaterialLayers/T_ML_Aluminum01.uasset" 942
"../../../VC2_Project/Content/FirstPerson/Character/Materials/MaterialLayers/T_ML_Aluminum01_N.uasset" 943
"../../../VC2_Project/Content/FirstPerson/Character/Materials/MaterialLayers/ML_SoftMetal_UE4.uasset" 944
"../../../VC2_Project/Content/FirstPerson/Character/Textures/UE4_Mannequin__normals.uasset" 945
"../../../VC2_Project/Content/FirstPerson/Character/Textures/UE4_Mannequin_MAT_MASKA.uasset" 946
"../../../VC2_Project/Content/FirstPerson/Character/Materials/M_UE4Man_Body.uasset" 947
"../../../VC2_Project/Content/FirstPerson/Character/Mesh/SK_Mannequin_Arms_PhysicsAsset.uasset" 948
"../../../VC2_Project/Content/FirstPerson/Character/Mesh/SK_Mannequin_Arms.uasset" 949
"../../../VC2_Project/Content/FirstPerson/FPWeapon/Materials/MaterialLayers/T_ML_Rubber_Blue_01_D.uasset" 950
"../../../VC2_Project/Content/FirstPerson/FPWeapon/Materials/MaterialLayers/T_ML_Rubber_Blue_01_N.uasset" 951
"../../../VC2_Project/Content/FirstPerson/FPWeapon/Materials/MaterialLayers/ML_GlossyBlack_Latex_UE4.uasset" 952
"../../../VC2_Project/Content/FirstPerson/FPWeapon/Materials/MaterialLayers/ML_Plastic_Shiny_Beige.uasset" 953
"../../../VC2_Project/Content/FirstPerson/FPWeapon/Materials/MaterialLayers/ML_Screen.uasset" 954
"../../../VC2_Project/Content/FirstPerson/FPWeapon/Materials/MaterialLayers/T_ML_Aluminum01.uasset" 955
"../../../VC2_Project/Content/FirstPerson/FPWeapon/Materials/MaterialLayers/T_ML_Aluminum01_N.uasset" 956
"../../../VC2_Project/Content/FirstPerson/FPWeapon/Materials/MaterialLayers/ML_SoftMetal_UE4.uasset" 957
"../../../VC2_Project/Content/FirstPerson/FPWeapon/Textures/T_FPGun_M.uasset" 958
"../../../VC2_Project/Content/FirstPerson/FPWeapon/Textures/T_FPGun_N.uasset" 959
"../../../VC2_Project/Content/FirstPerson/FPWeapon/Materials/M_FPGun.uasset" 960
"../../../VC2_Project/Content/FirstPerson/FPWeapon/Mesh/SK_FPGun_Skeleton.uasset" 961
"../../../VC2_Project/Content/FirstPerson/FPWeapon/Mesh/SK_FPGun.uasset" 962
"../../../VC2_Project/Content/FirstPersonBP/Blueprints/FirstPersonCharacter.uasset" 963
"../../../VC2_Project/Content/WalkAroundGamemode.uasset" 964
"../../../VC2_Project/Content/Maps/MaterialDemo_BuiltData.uasset" 965
"../../../VC2_Project/Content/Textures/Brick_Wall/BrickWall_Albedo.uasset" 966
"../../../VC2_Project/Content/Textures/Brick_Wall/BrickWall_Normal.uasset" 967
"../../../VC2_Project/Content/Textures/Brick_Wall/BrickWall_Occlusion.uasset" 968
"../../../VC2_Project/Content/Materials/BrickWall.uasset" 969
"../../../VC2_Project/Content/Materials/MovingMaterial.uasset" 970
"../../../VC2_Project/Content/Materials/SomeOrangeThing.uasset" 971
"../../../VC2_Project/Content/Materials/TransparencyExample.uasset" 972
"../../../VC2_Project/Content/StarterContent/Architecture/Floor_400x400.uasset" 973
"../../../VC2_Project/Content/StarterContent/Audio/Starter_Background_Cue.uasset" 974
"../../../VC2_Project/Content/Maps/MaterialDemo.umap" 975
"../../../VC2_Project/Content/Maps/Menu_BuiltData.uasset" 976
"../../../VC2_Project/Content/Textures/BackgroundMenu.uasset" 977
"../../../VC2_Project/Content/Blueprints/HUD/MainMenu.uasset" 978
"../../../VC2_Project/Content/Maps/Menu.umap" 979
"../../../VC2_Project/Content/Blueprints/RollABall/PickupComponent.uasset" 980
"../../../VC2_Project/Content/Blueprints/RollABall/PlayerScoreComponent.uasset" 981
"../../../VC2_Project/Content/Materials/CubeMaterial.uasset" 982
"../../../Engine/Content/BasicShapes/Cube.uasset" 983
"../../../VC2_Project/Content/Blueprints/RollABall/Pickup.uasset" 984
"../../../VC2_Project/Content/Materials/SphereMaterial.uasset" 985
"../../../Engine/Content/BasicShapes/Sphere.uasset" 986
"../../../VC2_Project/Content/Blueprints/RollABall/RollABallBP.uasset" 987
"../../../VC2_Project/Content/Blueprints/RollABall/RollABallGamemodeBP.uasset" 988
"../../../VC2_Project/Content/Maps/RollABall_BuiltData.uasset" 989
"../../../Engine/Content/BasicShapes/BasicShapeMaterial.uasset" 990
"../../../VC2_Project/Content/Materials/DarkFloor.uasset" 991
"../../../VC2_Project/Content/Maps/RollABall.umap" 992
"../../../VC2_Project/Content/StarterContent/Blueprints/Assets/FogBrightnessLUT.uasset" 993
"../../../VC2_Project/Content/StarterContent/Blueprints/Assets/SunlightColorLUT.uasset" 994
"../../../VC2_Project/Content/StarterContent/Blueprints/Assets/M_LightStage_Arrows.uasset" 995
"../../../Engine/Content/MapTemplates/Sky/DaylightAmbientCubemap.uasset" 996
"../../../VC2_Project/Content/StarterContent/Blueprints/Assets/M_LightStage_Skybox_Master.uasset" 997
"../../../VC2_Project/Content/StarterContent/Blueprints/Assets/M_LightStage_Skybox_Black.uasset" 998
"../../../VC2_Project/Content/StarterContent/Blueprints/Assets/M_LightStage_Skybox_HDRI.uasset" 999
"../../../Engine/Content/EditorMaterials/Thumbnails/SkySphereMaterial.uasset" 1000
"../../../VC2_Project/Content/StarterContent/Blueprints/Assets/Skybox.uasset" 1001
"../../../VC2_Project/Content/StarterContent/Blueprints/Assets/SM_Arrows.uasset" 1002
"../../../VC2_Project/Content/StarterContent/HDRI/HDRI_Epic_Courtyard_Daylight.uasset" 1003
"../../../VC2_Project/Content/StarterContent/Blueprints/BP_LightStudio.uasset" 1004
"../../../VC2_Project/Content/StarterContent/Maps/Advanced_Lighting_BuiltData.uasset" 1005
"../../../Engine/Content/EditorMeshes/ColorCalibrator/M_ChromeBall.uasset" 1006
"../../../Engine/Content/EditorMeshes/ColorCalibrator/M_ClearCoat.uasset" 1007
"../../../Engine/Content/EditorMeshes/ColorCalibrator/M_ClearCoatBlack.uasset" 1008
"../../../Engine/Content/EditorMeshes/ColorCalibrator/Color_checker.uasset" 1009
"../../../Engine/Content/EditorMeshes/ColorCalibrator/M_ColorGrid.uasset" 1010
"../../../Engine/Content/EditorMeshes/ColorCalibrator/M_GreyBall.uasset" 1011
"../../../Engine/Content/EditorMeshes/ColorCalibrator/SM_ColorCalibrator.uasset" 1012
"../../../VC2_Project/Content/StarterContent/Architecture/SM_AssetPlatform.uasset" 1013
"../../../VC2_Project/Content/StarterContent/Maps/Advanced_Lighting.umap" 1014
"../../../VC2_Project/Content/StarterContent/Maps/Minimal_Default_BuiltData.uasset" 1015
"../../../VC2_Project/Content/StarterContent/Textures/T_MacroVariation.uasset" 1016
"../../../VC2_Project/Content/StarterContent/Materials/M_Metal_Brushed_Nickel.uasset" 1017
"../../../VC2_Project/Content/StarterContent/Textures/T_Metal_Aluminum_D.uasset" 1018
"../../../VC2_Project/Content/StarterContent/Textures/T_Metal_Gold_N.uasset" 1019
"../../../VC2_Project/Content/StarterContent/Materials/M_Metal_Burnished_Steel.uasset" 1020
"../../../VC2_Project/Content/StarterContent/Textures/T_Metal_Copper_D.uasset" 1021
"../../../VC2_Project/Content/StarterContent/Materials/M_Metal_Copper.uasset" 1022
"../../../VC2_Project/Content/StarterContent/Textures/T_Statue_M.uasset" 1023
"../../../VC2_Project/Content/StarterContent/Textures/T_Statue_N.uasset" 1024
"../../../VC2_Project/Content/StarterContent/Props/Materials/M_StatueGlass.uasset" 1025
"../../../VC2_Project/Content/StarterContent/Props/SM_Chair.uasset" 1026
"../../../VC2_Project/Content/StarterContent/Props/Materials/M_Statue.uasset" 1027
"../../../VC2_Project/Content/StarterContent/Props/SM_Statue.uasset" 1028
"../../../VC2_Project/Content/StarterContent/Textures/T_TableRound_M.uasset" 1029
"../../../VC2_Project/Content/StarterContent/Textures/T_TableRound_N.uasset" 1030
"../../../VC2_Project/Content/StarterContent/Props/Materials/M_TableRound.uasset" 1031
"../../../VC2_Project/Content/StarterContent/Props/SM_TableRound.uasset" 1032
"../../../VC2_Project/Content/StarterContent/Maps/Minimal_Default.umap" 1033
"../../../VC2_Project/Content/StarterContent/Audio/Fire01_Cue.uasset" 1034
"../../../VC2_Project/Content/StarterContent/Textures/T_Fire_SubUV.uasset" 1035
"../../../VC2_Project/Content/StarterContent/Textures/T_Fire_Tiled_D.uasset" 1036
"../../../VC2_Project/Content/StarterContent/Particles/Materials/M_Fire_SubUV.uasset" 1037
"../../../VC2_Project/Content/StarterContent/Textures/T_Water_N.uasset" 1038
"../../../VC2_Project/Content/StarterContent/Particles/Materials/M_Heat_Distortion.uasset" 1039
"../../../VC2_Project/Content/StarterContent/Particles/Materials/M_Radial_Gradient.uasset" 1040
"../../../VC2_Project/Content/StarterContent/Particles/P_Fire.uasset" 1041
"../../../VC2_Project/Content/StarterContent/Blueprints/Blueprint_Effect_Fire.uasset" 1042
"../../../VC2_Project/Content/StarterContent/Audio/Smoke01_Cue.uasset" 1043
"../../../VC2_Project/Content/StarterContent/Particles/P_Smoke.uasset" 1044
"../../../VC2_Project/Content/StarterContent/Blueprints/Blueprint_Effect_Smoke.uasset" 1045
"../../../VC2_Project/Content/StarterContent/Audio/Fire_Sparks01_Cue.uasset" 1046
"../../../VC2_Project/Content/StarterContent/Textures/T_Spark_Core.uasset" 1047
"../../../VC2_Project/Content/StarterContent/Particles/Materials/M_Spark.uasset" 1048
"../../../VC2_Project/Content/StarterContent/Particles/P_Sparks.uasset" 1049
"../../../VC2_Project/Content/StarterContent/Blueprints/Blueprint_Effect_Sparks.uasset" 1050
"../../../VC2_Project/Content/StarterContent/Audio/Steam01_Cue.uasset" 1051
"../../../VC2_Project/Content/StarterContent/Particles/P_Steam_Lit.uasset" 1052
"../../../VC2_Project/Content/StarterContent/Blueprints/Blueprint_Effect_Steam.uasset" 1053
"../../../VC2_Project/Content/StarterContent/Textures/T_Lamp_M.uasset" 1054
"../../../VC2_Project/Content/StarterContent/Textures/T_Lamp_N.uasset" 1055
"../../../VC2_Project/Content/StarterContent/Props/Materials/M_Lamp.uasset" 1056
"../../../VC2_Project/Content/StarterContent/Props/SM_Lamp_Ceiling.uasset" 1057
"../../../VC2_Project/Content/StarterContent/Blueprints/Blueprint_CeilingLight.uasset" 1058
"../../../VC2_Project/Content/StarterContent/Props/SM_Lamp_Wall.uasset" 1059
"../../../VC2_Project/Content/StarterContent/Blueprints/Blueprint_WallSconce.uasset" 1060
"../../../VC2_Project/Content/StarterContent/Maps/StarterMap_BuiltData.uasset" 1061
"../../../Engine/Content/Functions/Engine_MaterialFunctions03/Procedurals/ComputeFilterWidth.uasset" 1062
"../../../Engine/Content/EngineMaterials/AntiAliasedTextMaterialTranslucent.uasset" 1063
"../../../VC2_Project/Content/StarterContent/Textures/T_Brick_Clay_Beveled_D.uasset" 1064
"../../../VC2_Project/Content/StarterContent/Textures/T_Brick_Clay_Beveled_M.uasset" 1065
"../../../VC2_Project/Content/StarterContent/Textures/T_Brick_Clay_Beveled_N.uasset" 1066
"../../../VC2_Project/Content/StarterContent/Materials/M_Brick_Clay_Beveled.uasset" 1067
"../../../VC2_Project/Content/StarterContent/Textures/T_Brick_Clay_New_D.uasset" 1068
"../../../VC2_Project/Content/StarterContent/Textures/T_Brick_Clay_New_M.uasset" 1069
"../../../VC2_Project/Content/StarterContent/Textures/T_Brick_Clay_New_N.uasset" 1070
"../../../VC2_Project/Content/StarterContent/Materials/M_Brick_Clay_New.uasset" 1071
"../../../VC2_Project/Content/StarterContent/Textures/T_Brick_Clay_Old_D.uasset" 1072
"../../../VC2_Project/Content/StarterContent/Textures/T_Brick_Clay_Old_N.uasset" 1073
"../../../VC2_Project/Content/StarterContent/Textures/T_Perlin_Noise_M.uasset" 1074
"../../../VC2_Project/Content/StarterContent/Materials/M_Brick_Clay_Old.uasset" 1075
"../../../VC2_Project/Content/StarterContent/Textures/T_Brick_Cut_Stone_D.uasset" 1076
"../../../VC2_Project/Content/StarterContent/Textures/T_Brick_Cut_Stone_N.uasset" 1077
"../../../VC2_Project/Content/StarterContent/Materials/M_Brick_Cut_Stone.uasset" 1078
"../../../VC2_Project/Content/StarterContent/Textures/T_Brick_Hewn_Stone_D.uasset" 1079
"../../../VC2_Project/Content/StarterContent/Textures/T_Brick_Hewn_Stone_M.uasset" 1080
"../../../VC2_Project/Content/StarterContent/Textures/T_Brick_Hewn_Stone_N.uasset" 1081
"../../../VC2_Project/Content/StarterContent/Materials/M_Brick_Hewn_Stone.uasset" 1082
"../../../VC2_Project/Content/StarterContent/Textures/T_Ceramic_Tile_M.uasset" 1083
"../../../VC2_Project/Content/StarterContent/Textures/T_Ceramic_Tile_N.uasset" 1084
"../../../VC2_Project/Content/StarterContent/Textures/T_Rock_Marble_Polished_D.uasset" 1085
"../../../VC2_Project/Content/StarterContent/Materials/M_Ceramic_Tile_Checker.uasset" 1086
"../../../VC2_Project/Content/StarterContent/Textures/T_CobbleStone_Pebble_D.uasset" 1087
"../../../VC2_Project/Content/StarterContent/Textures/T_CobbleStone_Pebble_M.uasset" 1088
"../../../VC2_Project/Content/StarterContent/Textures/T_CobbleStone_Pebble_N.uasset" 1089
"../../../VC2_Project/Content/StarterContent/Materials/M_CobbleStone_Pebble.uasset" 1090
"../../../VC2_Project/Content/StarterContent/Textures/T_CobbleStone_Rough_D.uasset" 1091
"../../../VC2_Project/Content/StarterContent/Textures/T_CobbleStone_Rough_N.uasset" 1092
"../../../VC2_Project/Content/StarterContent/Textures/T_Gradinet_01.uasset" 1093
"../../../VC2_Project/Content/StarterContent/Textures/T_Rock_Smooth_Granite_D.uasset" 1094
"../../../VC2_Project/Content/StarterContent/Materials/M_CobbleStone_Rough.uasset" 1095
"../../../VC2_Project/Content/StarterContent/Textures/T_CobbleStone_Smooth_D.uasset" 1096
"../../../VC2_Project/Content/StarterContent/Textures/T_CobbleStone_Smooth_M.uasset" 1097
"../../../VC2_Project/Content/StarterContent/Textures/T_CobbleStone_Smooth_N.uasset" 1098
"../../../VC2_Project/Content/StarterContent/Materials/M_CobbleStone_Smooth.uasset" 1099
"../../../VC2_Project/Content/StarterContent/Textures/T_Concrete_Grime_D.uasset" 1100
"../../../VC2_Project/Content/StarterContent/Textures/T_Metal_Rust_N.uasset" 1101
"../../../VC2_Project/Content/StarterContent/Materials/M_Concrete_Grime.uasset" 1102
"../../../VC2_Project/Content/StarterContent/Textures/T_Concrete_Panels_D.uasset" 1103
"../../../VC2_Project/Content/StarterContent/Textures/T_Concrete_Panels_N.uasset" 1104
"../../../VC2_Project/Content/StarterContent/Materials/M_Concrete_Panels.uasset" 1105
"../../../VC2_Project/Content/StarterContent/Textures/T_Concrete_Poured_D.uasset" 1106
"../../../VC2_Project/Content/StarterContent/Textures/T_Concrete_Poured_N.uasset" 1107
"../../../VC2_Project/Content/StarterContent/Materials/M_Concrete_Poured.uasset" 1108
"../../../VC2_Project/Content/StarterContent/Textures/T_Concrete_Tiles_D.uasset" 1109
"../../../VC2_Project/Content/StarterContent/Textures/T_Concrete_Tiles_M.uasset" 1110
"../../../VC2_Project/Content/StarterContent/Textures/T_Concrete_Tiles_N.uasset" 1111
"../../../VC2_Project/Content/StarterContent/Textures/T_Concrete_Tiles_Variation_M.uasset" 1112
"../../../VC2_Project/Content/StarterContent/Materials/M_Concrete_Tiles.uasset" 1113
"../../../VC2_Project/Content/StarterContent/Textures/T_Ground_Grass_D.uasset" 1114
"../../../VC2_Project/Content/StarterContent/Textures/T_Ground_Grass_N.uasset" 1115
"../../../VC2_Project/Content/StarterContent/Materials/M_Ground_Grass.uasset" 1116
"../../../VC2_Project/Content/StarterContent/Textures/T_Ground_Gravel_D.uasset" 1117
"../../../VC2_Project/Content/StarterContent/Textures/T_Ground_Gravel_N.uasset" 1118
"../../../VC2_Project/Content/StarterContent/Materials/M_Ground_Gravel.uasset" 1119
"../../../VC2_Project/Content/StarterContent/Textures/T_ground_Moss_D.uasset" 1120
"../../../VC2_Project/Content/StarterContent/Textures/T_Ground_Moss_N.uasset" 1121
"../../../VC2_Project/Content/StarterContent/Materials/M_Ground_Moss.uasset" 1122
"../../../VC2_Project/Content/StarterContent/Materials/M_Metal_Chrome.uasset" 1123
"../../../VC2_Project/Content/StarterContent/Textures/T_Metal_Gold_D.uasset" 1124
"../../../VC2_Project/Content/StarterContent/Materials/M_Metal_Gold.uasset" 1125
"../../../VC2_Project/Content/StarterContent/Textures/T_Metal_Rust_D.uasset" 1126
"../../../VC2_Project/Content/StarterContent/Materials/M_Metal_Rust.uasset" 1127
"../../../VC2_Project/Content/StarterContent/Textures/T_Metal_Steel_D.uasset" 1128
"../../../VC2_Project/Content/StarterContent/Textures/T_Metal_Steel_N.uasset" 1129
"../../../VC2_Project/Content/StarterContent/Materials/M_Metal_Steel.uasset" 1130
"../../../VC2_Project/Content/StarterContent/Textures/T_Rock_Basalt_N.uasset" 1131
"../../../VC2_Project/Content/StarterContent/Materials/M_Rock_Basalt.uasset" 1132
"../../../VC2_Project/Content/StarterContent/Materials/M_Rock_Marble_Polished.uasset" 1133
"../../../VC2_Project/Content/StarterContent/Textures/T_Rock_Sandstone_D.uasset" 1134
"../../../VC2_Project/Content/StarterContent/Textures/T_Rock_Sandstone_N.uasset" 1135
"../../../VC2_Project/Content/StarterContent/Materials/M_Rock_Sandstone.uasset" 1136
"../../../VC2_Project/Content/StarterContent/Textures/T_Rock_Slate_D.uasset" 1137
"../../../VC2_Project/Content/StarterContent/Textures/T_Rock_Slate_N.uasset" 1138
"../../../VC2_Project/Content/StarterContent/Materials/M_Rock_Slate.uasset" 1139
"../../../VC2_Project/Content/StarterContent/Textures/T_Checker_Noise_M.uasset" 1140
"../../../VC2_Project/Content/StarterContent/Textures/T_Single_Tile_N.uasset" 1141
"../../../VC2_Project/Content/StarterContent/Textures/T_Tech_Dot_M.uasset" 1142
"../../../VC2_Project/Content/StarterContent/Textures/T_Tech_Dot_N.uasset" 1143
"../../../VC2_Project/Content/StarterContent/Materials/M_Tech_Checker_Dot.uasset" 1144
"../../../VC2_Project/Content/StarterContent/Textures/T_Tech_Hex_Tile_M.uasset" 1145
"../../../VC2_Project/Content/StarterContent/Textures/T_Tech_Hex_Tile_N.uasset" 1146
"../../../VC2_Project/Content/StarterContent/Materials/M_Tech_Hex_Tile.uasset" 1147
"../../../VC2_Project/Content/StarterContent/Materials/M_Tech_Hex_Tile_Pulse.uasset" 1148
"../../../VC2_Project/Content/StarterContent/Textures/T_Tech_Panel_M.uasset" 1149
"../../../VC2_Project/Content/StarterContent/Textures/T_Tech_Panel_N.uasset" 1150
"../../../VC2_Project/Content/StarterContent/Materials/M_Tech_Panel.uasset" 1151
"../../../VC2_Project/Content/StarterContent/Materials/M_Water_Lake.uasset" 1152
"../../../VC2_Project/Content/StarterContent/Textures/T_Water_M.uasset" 1153
"../../../VC2_Project/Content/StarterContent/Materials/M_Water_Ocean.uasset" 1154
"../../../VC2_Project/Content/StarterContent/Textures/T_Wood_Floor_Walnut_D.uasset" 1155
"../../../VC2_Project/Content/StarterContent/Textures/T_Wood_Floor_Walnut_M.uasset" 1156
"../../../VC2_Project/Content/StarterContent/Textures/T_Wood_Floor_Walnut_N.uasset" 1157
"../../../VC2_Project/Content/StarterContent/Materials/M_Wood_Floor_Walnut_Polished.uasset" 1158
"../../../Engine/Content/Functions/Engine_MaterialFunctions01/Opacity/AlphaOffset.uasset" 1159
"../../../VC2_Project/Content/StarterContent/Materials/M_Wood_Floor_Walnut_Worn.uasset" 1160
"../../../VC2_Project/Content/StarterContent/Textures/T_Wood_Oak_D.uasset" 1161
"../../../VC2_Project/Content/StarterContent/Textures/T_Wood_Oak_N.uasset" 1162
"../../../VC2_Project/Content/StarterContent/Materials/M_Wood_Oak.uasset" 1163
"../../../VC2_Project/Content/StarterContent/Textures/T_Wood_Pine_D.uasset" 1164
"../../../VC2_Project/Content/StarterContent/Textures/T_Wood_Pine_N.uasset" 1165
"../../../VC2_Project/Content/StarterContent/Materials/M_Wood_Pine.uasset" 1166
"../../../VC2_Project/Content/StarterContent/Textures/T_Wood_Walnut_D.uasset" 1167
"../../../VC2_Project/Content/StarterContent/Textures/T_Wood_Walnut_N.uasset" 1168
"../../../VC2_Project/Content/StarterContent/Materials/M_Wood_Walnut.uasset" 1169
"../../../VC2_Project/Content/StarterContent/Architecture/Wall_400x200.uasset" 1170
"../../../VC2_Project/Content/StarterContent/Architecture/Wall_Door_400x300.uasset" 1171
"../../../VC2_Project/Content/StarterContent/Architecture/Wall_Window_400x300.uasset" 1172
"../../../VC2_Project/Content/StarterContent/Audio/Collapse_Cue.uasset" 1173
"../../../VC2_Project/Content/StarterContent/Audio/Starter_Music_Cue.uasset" 1174
"../../../VC2_Project/Content/StarterContent/Textures/T_Dust_Particle_D.uasset" 1175
"../../../VC2_Project/Content/StarterContent/Particles/Materials/M_Dust_Particle.uasset" 1176
"../../../VC2_Project/Content/StarterContent/Particles/P_Ambient_Dust.uasset" 1177
"../../../VC2_Project/Content/StarterContent/Props/MaterialSphere.uasset" 1178
"../../../VC2_Project/Content/StarterContent/Textures/T_Frame_M.uasset" 1179
"../../../VC2_Project/Content/StarterContent/Textures/T_Frame_N.uasset" 1180
"../../../VC2_Project/Content/StarterContent/Props/Materials/M_Frame.uasset" 1181
"../../../VC2_Project/Content/StarterContent/Props/SM_CornerFrame.uasset" 1182
"../../../VC2_Project/Content/StarterContent/Props/SM_DoorFrame.uasset" 1183
"../../../VC2_Project/Content/StarterContent/Props/SM_GlassWindow.uasset" 1184
"../../../VC2_Project/Content/StarterContent/Props/SM_PillarFrame.uasset" 1185
"../../../VC2_Project/Content/StarterContent/Props/SM_PillarFrame300.uasset" 1186
"../../../VC2_Project/Content/StarterContent/Props/SM_WindowFrame.uasset" 1187
"../../../VC2_Project/Content/StarterContent/Shapes/Shape_Cube.uasset" 1188
"../../../VC2_Project/Content/StarterContent/Shapes/Shape_QuadPyramid.uasset" 1189
"../../../VC2_Project/Content/StarterContent/Shapes/Shape_Sphere.uasset" 1190
"../../../VC2_Project/Content/StarterContent/Maps/StarterMap.umap" 1191
"../../../Engine/Content/Maps/Entry.umap" 1192
